Epoch: [0][0/54]	Time 2.935 (2.935)	Data 1.623 (1.623)	Loss 1.5966 (1.5966)	Prec@1 0.000 (0.000)	Prec@5 0.000 (0.000)	
Epoch: [0][10/54]	Time 3.661 (3.264)	Data 3.644 (3.123)	Loss 1.6010 (1.5912)	Prec@1 25.000 (18.182)	Prec@5 25.000 (18.182)	
Epoch: [0][20/54]	Time 4.565 (3.693)	Data 4.548 (3.612)	Loss 1.5259 (1.5779)	Prec@1 50.000 (26.786)	Prec@5 50.000 (26.786)	
Epoch: [0][30/54]	Time 5.502 (4.142)	Data 5.486 (4.082)	Loss 1.4580 (1.5511)	Prec@1 50.000 (33.065)	Prec@5 50.000 (33.065)	
Epoch: [0][40/54]	Time 6.358 (4.587)	Data 6.342 (4.537)	Loss 1.3029 (1.5108)	Prec@1 50.000 (36.585)	Prec@5 50.000 (36.585)	
Epoch: [0][50/54]	Time 7.246 (5.032)	Data 7.231 (4.989)	Loss 0.9036 (1.4309)	Prec@1 50.000 (38.971)	Prec@5 50.000 (38.971)	
Epoch: [1][0/54]	Time 1.633 (1.633)	Data 1.614 (1.614)	Loss 0.7600 (0.7600)	Prec@1 50.000 (50.000)	Prec@5 50.000 (50.000)	
Epoch: [1][0/54]	Time 1.633 (1.633)	Data 1.614 (1.614)	Loss 0.7600 (0.7600)	Prec@1 50.000 (50.000)	Prec@5 50.000 (50.000)	
Epoch: [1][10/54]	Time 2.121 (1.892)	Data 2.093 (1.865)	Loss 0.7178 (0.7392)	Prec@1 62.500 (46.591)	Prec@5 62.500 (46.591)	
Epoch: [1][10/54]	Time 2.121 (1.892)	Data 2.093 (1.865)	Loss 0.7178 (0.7392)	Prec@1 62.500 (46.591)	Prec@5 62.500 (46.591)	
Epoch: [1][20/54]	Time 2.589 (2.116)	Data 2.573 (2.091)	Loss 0.7015 (0.7325)	Prec@1 62.500 (50.000)	Prec@5 62.500 (50.000)	
Epoch: [1][20/54]	Time 2.589 (2.116)	Data 2.573 (2.091)	Loss 0.7015 (0.7325)	Prec@1 62.500 (50.000)	Prec@5 62.500 (50.000)	
Epoch: [1][30/54]	Time 3.031 (2.346)	Data 2.993 (2.320)	Loss 0.6986 (0.7253)	Prec@1 62.500 (51.613)	Prec@5 62.500 (51.613)	
Epoch: [1][30/54]	Time 3.031 (2.346)	Data 2.993 (2.320)	Loss 0.6986 (0.7253)	Prec@1 62.500 (51.613)	Prec@5 62.500 (51.613)	
Epoch: [1][40/54]	Time 3.498 (2.574)	Data 3.480 (2.546)	Loss 0.7094 (0.7232)	Prec@1 62.500 (51.524)	Prec@5 62.500 (51.524)	
Epoch: [1][40/54]	Time 3.498 (2.574)	Data 3.480 (2.546)	Loss 0.7094 (0.7232)	Prec@1 62.500 (51.524)	Prec@5 62.500 (51.524)	
Epoch: [1][50/54]	Time 3.951 (2.803)	Data 3.935 (2.776)	Loss 0.6744 (0.7198)	Prec@1 75.000 (52.696)	Prec@5 75.000 (52.696)	
Epoch: [1][50/54]	Time 3.951 (2.803)	Data 3.935 (2.776)	Loss 0.6744 (0.7198)	Prec@1 75.000 (52.696)	Prec@5 75.000 (52.696)	
Epoch: [2][0/54]	Time 1.589 (1.589)	Data 1.570 (1.570)	Loss 0.6739 (0.6739)	Prec@1 62.500 (62.500)	Prec@5 62.500 (62.500)	
Epoch: [2][0/54]	Time 1.589 (1.589)	Data 1.570 (1.570)	Loss 0.6739 (0.6739)	Prec@1 62.500 (62.500)	Prec@5 62.500 (62.500)	
Epoch: [2][0/54]	Time 1.589 (1.589)	Data 1.570 (1.570)	Loss 0.6739 (0.6739)	Prec@1 62.500 (62.500)	Prec@5 62.500 (62.500)	
Epoch: [2][10/54]	Time 2.084 (1.854)	Data 2.042 (1.812)	Loss 0.7152 (0.6966)	Prec@1 50.000 (55.682)	Prec@5 50.000 (55.682)	
Epoch: [2][10/54]	Time 2.084 (1.854)	Data 2.042 (1.812)	Loss 0.7152 (0.6966)	Prec@1 50.000 (55.682)	Prec@5 50.000 (55.682)	
Epoch: [2][10/54]	Time 2.084 (1.854)	Data 2.042 (1.812)	Loss 0.7152 (0.6966)	Prec@1 50.000 (55.682)	Prec@5 50.000 (55.682)	
Epoch: [2][20/54]	Time 2.564 (2.092)	Data 2.543 (2.061)	Loss 0.7320 (0.6988)	Prec@1 37.500 (55.357)	Prec@5 37.500 (55.357)	
Epoch: [2][20/54]	Time 2.564 (2.092)	Data 2.543 (2.061)	Loss 0.7320 (0.6988)	Prec@1 37.500 (55.357)	Prec@5 37.500 (55.357)	
Epoch: [2][20/54]	Time 2.564 (2.092)	Data 2.543 (2.061)	Loss 0.7320 (0.6988)	Prec@1 37.500 (55.357)	Prec@5 37.500 (55.357)	
Epoch: [2][30/54]	Time 2.995 (2.321)	Data 2.952 (2.289)	Loss 0.7419 (0.6982)	Prec@1 37.500 (54.839)	Prec@5 37.500 (54.839)	
Epoch: [2][30/54]	Time 2.995 (2.321)	Data 2.952 (2.289)	Loss 0.7419 (0.6982)	Prec@1 37.500 (54.839)	Prec@5 37.500 (54.839)	
Epoch: [2][30/54]	Time 2.995 (2.321)	Data 2.952 (2.289)	Loss 0.7419 (0.6982)	Prec@1 37.500 (54.839)	Prec@5 37.500 (54.839)	
Epoch: [2][40/54]	Time 3.445 (2.548)	Data 3.407 (2.517)	Loss 0.6551 (0.6954)	Prec@1 75.000 (56.707)	Prec@5 75.000 (56.707)	
Epoch: [2][40/54]	Time 3.445 (2.548)	Data 3.407 (2.517)	Loss 0.6551 (0.6954)	Prec@1 75.000 (56.707)	Prec@5 75.000 (56.707)	
Epoch: [2][40/54]	Time 3.445 (2.548)	Data 3.407 (2.517)	Loss 0.6551 (0.6954)	Prec@1 75.000 (56.707)	Prec@5 75.000 (56.707)	
Epoch: [2][50/54]	Time 3.907 (2.775)	Data 3.875 (2.745)	Loss 0.6576 (0.7001)	Prec@1 75.000 (54.657)	Prec@5 75.000 (54.657)	
Epoch: [2][50/54]	Time 3.907 (2.775)	Data 3.875 (2.745)	Loss 0.6576 (0.7001)	Prec@1 75.000 (54.657)	Prec@5 75.000 (54.657)	
Epoch: [2][50/54]	Time 3.907 (2.775)	Data 3.875 (2.745)	Loss 0.6576 (0.7001)	Prec@1 75.000 (54.657)	Prec@5 75.000 (54.657)	
Epoch: [3][0/54]	Time 1.601 (1.601)	Data 1.582 (1.582)	Loss 0.6965 (0.6965)	Prec@1 62.500 (62.500)	Prec@5 62.500 (62.500)	
Epoch: [3][0/54]	Time 1.601 (1.601)	Data 1.582 (1.582)	Loss 0.6965 (0.6965)	Prec@1 62.500 (62.500)	Prec@5 62.500 (62.500)	
Epoch: [3][0/54]	Time 1.601 (1.601)	Data 1.582 (1.582)	Loss 0.6965 (0.6965)	Prec@1 62.500 (62.500)	Prec@5 62.500 (62.500)	
Epoch: [3][0/54]	Time 1.601 (1.601)	Data 1.582 (1.582)	Loss 0.6965 (0.6965)	Prec@1 62.500 (62.500)	Prec@5 62.500 (62.500)	
Epoch: [3][10/54]	Time 2.081 (1.857)	Data 2.040 (1.816)	Loss 0.7037 (0.7009)	Prec@1 62.500 (54.545)	Prec@5 62.500 (54.545)	
Epoch: [3][10/54]	Time 2.081 (1.857)	Data 2.040 (1.816)	Loss 0.7037 (0.7009)	Prec@1 62.500 (54.545)	Prec@5 62.500 (54.545)	
Epoch: [3][10/54]	Time 2.081 (1.857)	Data 2.040 (1.816)	Loss 0.7037 (0.7009)	Prec@1 62.500 (54.545)	Prec@5 62.500 (54.545)	
Epoch: [3][10/54]	Time 2.081 (1.857)	Data 2.040 (1.816)	Loss 0.7037 (0.7009)	Prec@1 62.500 (54.545)	Prec@5 62.500 (54.545)	
Epoch: [3][20/54]	Time 2.565 (2.083)	Data 2.547 (2.048)	Loss 0.7338 (0.7030)	Prec@1 37.500 (52.976)	Prec@5 37.500 (52.976)	
Epoch: [3][20/54]	Time 2.565 (2.083)	Data 2.547 (2.048)	Loss 0.7338 (0.7030)	Prec@1 37.500 (52.976)	Prec@5 37.500 (52.976)	
Epoch: [3][20/54]	Time 2.565 (2.083)	Data 2.547 (2.048)	Loss 0.7338 (0.7030)	Prec@1 37.500 (52.976)	Prec@5 37.500 (52.976)	
Epoch: [3][20/54]	Time 2.565 (2.083)	Data 2.547 (2.048)	Loss 0.7338 (0.7030)	Prec@1 37.500 (52.976)	Prec@5 37.500 (52.976)	
Epoch: [3][30/54]	Time 3.004 (2.318)	Data 2.962 (2.283)	Loss 0.6627 (0.7010)	Prec@1 75.000 (54.032)	Prec@5 75.000 (54.032)	
Epoch: [3][30/54]	Time 3.004 (2.318)	Data 2.962 (2.283)	Loss 0.6627 (0.7010)	Prec@1 75.000 (54.032)	Prec@5 75.000 (54.032)	
Epoch: [3][30/54]	Time 3.004 (2.318)	Data 2.962 (2.283)	Loss 0.6627 (0.7010)	Prec@1 75.000 (54.032)	Prec@5 75.000 (54.032)	
Epoch: [3][30/54]	Time 3.004 (2.318)	Data 2.962 (2.283)	Loss 0.6627 (0.7010)	Prec@1 75.000 (54.032)	Prec@5 75.000 (54.032)	
Epoch: [3][40/54]	Time 3.482 (2.549)	Data 3.445 (2.516)	Loss 0.7007 (0.6996)	Prec@1 50.000 (54.573)	Prec@5 50.000 (54.573)	
Epoch: [3][40/54]	Time 3.482 (2.549)	Data 3.445 (2.516)	Loss 0.7007 (0.6996)	Prec@1 50.000 (54.573)	Prec@5 50.000 (54.573)	
Epoch: [3][40/54]	Time 3.482 (2.549)	Data 3.445 (2.516)	Loss 0.7007 (0.6996)	Prec@1 50.000 (54.573)	Prec@5 50.000 (54.573)	
Epoch: [3][40/54]	Time 3.482 (2.549)	Data 3.445 (2.516)	Loss 0.7007 (0.6996)	Prec@1 50.000 (54.573)	Prec@5 50.000 (54.573)	
Epoch: [3][50/54]	Time 3.985 (2.788)	Data 3.963 (2.758)	Loss 0.6832 (0.6999)	Prec@1 62.500 (54.412)	Prec@5 62.500 (54.412)	
Epoch: [3][50/54]	Time 3.985 (2.788)	Data 3.963 (2.758)	Loss 0.6832 (0.6999)	Prec@1 62.500 (54.412)	Prec@5 62.500 (54.412)	
Epoch: [3][50/54]	Time 3.985 (2.788)	Data 3.963 (2.758)	Loss 0.6832 (0.6999)	Prec@1 62.500 (54.412)	Prec@5 62.500 (54.412)	
Epoch: [3][50/54]	Time 3.985 (2.788)	Data 3.963 (2.758)	Loss 0.6832 (0.6999)	Prec@1 62.500 (54.412)	Prec@5 62.500 (54.412)	
Epoch: [4][0/54]	Time 1.615 (1.615)	Data 1.595 (1.595)	Loss 0.7208 (0.7208)	Prec@1 37.500 (37.500)	Prec@5 37.500 (37.500)	
Epoch: [4][0/54]	Time 1.615 (1.615)	Data 1.595 (1.595)	Loss 0.7208 (0.7208)	Prec@1 37.500 (37.500)	Prec@5 37.500 (37.500)	
Epoch: [4][0/54]	Time 1.615 (1.615)	Data 1.595 (1.595)	Loss 0.7208 (0.7208)	Prec@1 37.500 (37.500)	Prec@5 37.500 (37.500)	
Epoch: [4][0/54]	Time 1.615 (1.615)	Data 1.595 (1.595)	Loss 0.7208 (0.7208)	Prec@1 37.500 (37.500)	Prec@5 37.500 (37.500)	
Epoch: [4][0/54]	Time 1.615 (1.615)	Data 1.595 (1.595)	Loss 0.7208 (0.7208)	Prec@1 37.500 (37.500)	Prec@5 37.500 (37.500)	
Epoch: [4][10/54]	Time 2.102 (1.876)	Data 2.068 (1.840)	Loss 0.6821 (0.7042)	Prec@1 75.000 (52.273)	Prec@5 75.000 (52.273)	
Epoch: [4][10/54]	Time 2.102 (1.876)	Data 2.068 (1.840)	Loss 0.6821 (0.7042)	Prec@1 75.000 (52.273)	Prec@5 75.000 (52.273)	
Epoch: [4][10/54]	Time 2.102 (1.876)	Data 2.068 (1.840)	Loss 0.6821 (0.7042)	Prec@1 75.000 (52.273)	Prec@5 75.000 (52.273)	
Epoch: [4][10/54]	Time 2.102 (1.876)	Data 2.068 (1.840)	Loss 0.6821 (0.7042)	Prec@1 75.000 (52.273)	Prec@5 75.000 (52.273)	
Epoch: [4][10/54]	Time 2.102 (1.876)	Data 2.068 (1.840)	Loss 0.6821 (0.7042)	Prec@1 75.000 (52.273)	Prec@5 75.000 (52.273)	
Epoch: [4][20/54]	Time 2.535 (2.097)	Data 2.492 (2.060)	Loss 0.7186 (0.7019)	Prec@1 50.000 (52.381)	Prec@5 50.000 (52.381)	
Epoch: [4][20/54]	Time 2.535 (2.097)	Data 2.492 (2.060)	Loss 0.7186 (0.7019)	Prec@1 50.000 (52.381)	Prec@5 50.000 (52.381)	
Epoch: [4][20/54]	Time 2.535 (2.097)	Data 2.492 (2.060)	Loss 0.7186 (0.7019)	Prec@1 50.000 (52.381)	Prec@5 50.000 (52.381)	
Epoch: [4][20/54]	Time 2.535 (2.097)	Data 2.492 (2.060)	Loss 0.7186 (0.7019)	Prec@1 50.000 (52.381)	Prec@5 50.000 (52.381)	
Epoch: [4][20/54]	Time 2.535 (2.097)	Data 2.492 (2.060)	Loss 0.7186 (0.7019)	Prec@1 50.000 (52.381)	Prec@5 50.000 (52.381)	
Epoch: [4][30/54]	Time 3.024 (2.326)	Data 3.000 (2.293)	Loss 0.7074 (0.6991)	Prec@1 50.000 (54.839)	Prec@5 50.000 (54.839)	
Epoch: [4][30/54]	Time 3.024 (2.326)	Data 3.000 (2.293)	Loss 0.7074 (0.6991)	Prec@1 50.000 (54.839)	Prec@5 50.000 (54.839)	
Epoch: [4][30/54]	Time 3.024 (2.326)	Data 3.000 (2.293)	Loss 0.7074 (0.6991)	Prec@1 50.000 (54.839)	Prec@5 50.000 (54.839)	
Epoch: [4][30/54]	Time 3.024 (2.326)	Data 3.000 (2.293)	Loss 0.7074 (0.6991)	Prec@1 50.000 (54.839)	Prec@5 50.000 (54.839)	
Epoch: [4][30/54]	Time 3.024 (2.326)	Data 3.000 (2.293)	Loss 0.7074 (0.6991)	Prec@1 50.000 (54.839)	Prec@5 50.000 (54.839)	
Epoch: [4][40/54]	Time 3.494 (2.557)	Data 3.478 (2.525)	Loss 0.7118 (0.6981)	Prec@1 50.000 (55.488)	Prec@5 50.000 (55.488)	
Epoch: [4][40/54]	Time 3.494 (2.557)	Data 3.478 (2.525)	Loss 0.7118 (0.6981)	Prec@1 50.000 (55.488)	Prec@5 50.000 (55.488)	
Epoch: [4][40/54]	Time 3.494 (2.557)	Data 3.478 (2.525)	Loss 0.7118 (0.6981)	Prec@1 50.000 (55.488)	Prec@5 50.000 (55.488)	
Epoch: [4][40/54]	Time 3.494 (2.557)	Data 3.478 (2.525)	Loss 0.7118 (0.6981)	Prec@1 50.000 (55.488)	Prec@5 50.000 (55.488)	
Epoch: [4][40/54]	Time 3.494 (2.557)	Data 3.478 (2.525)	Loss 0.7118 (0.6981)	Prec@1 50.000 (55.488)	Prec@5 50.000 (55.488)	
Epoch: [4][50/54]	Time 3.944 (2.790)	Data 3.927 (2.759)	Loss 0.6995 (0.6986)	Prec@1 62.500 (55.147)	Prec@5 62.500 (55.147)	
Epoch: [4][50/54]	Time 3.944 (2.790)	Data 3.927 (2.759)	Loss 0.6995 (0.6986)	Prec@1 62.500 (55.147)	Prec@5 62.500 (55.147)	
Epoch: [4][50/54]	Time 3.944 (2.790)	Data 3.927 (2.759)	Loss 0.6995 (0.6986)	Prec@1 62.500 (55.147)	Prec@5 62.500 (55.147)	
Epoch: [4][50/54]	Time 3.944 (2.790)	Data 3.927 (2.759)	Loss 0.6995 (0.6986)	Prec@1 62.500 (55.147)	Prec@5 62.500 (55.147)	
Epoch: [4][50/54]	Time 3.944 (2.790)	Data 3.927 (2.759)	Loss 0.6995 (0.6986)	Prec@1 62.500 (55.147)	Prec@5 62.500 (55.147)	
Epoch: [5][0/54]	Time 1.638 (1.638)	Data 1.618 (1.618)	Loss 0.7798 (0.7798)	Prec@1 12.500 (12.500)	Prec@5 12.500 (12.500)	
Epoch: [5][0/54]	Time 1.638 (1.638)	Data 1.618 (1.618)	Loss 0.7798 (0.7798)	Prec@1 12.500 (12.500)	Prec@5 12.500 (12.500)	
Epoch: [5][0/54]	Time 1.638 (1.638)	Data 1.618 (1.618)	Loss 0.7798 (0.7798)	Prec@1 12.500 (12.500)	Prec@5 12.500 (12.500)	
Epoch: [5][0/54]	Time 1.638 (1.638)	Data 1.618 (1.618)	Loss 0.7798 (0.7798)	Prec@1 12.500 (12.500)	Prec@5 12.500 (12.500)	
Epoch: [5][0/54]	Time 1.638 (1.638)	Data 1.618 (1.618)	Loss 0.7798 (0.7798)	Prec@1 12.500 (12.500)	Prec@5 12.500 (12.500)	
Epoch: [5][0/54]	Time 1.638 (1.638)	Data 1.618 (1.618)	Loss 0.7798 (0.7798)	Prec@1 12.500 (12.500)	Prec@5 12.500 (12.500)	
Epoch: [5][10/54]	Time 2.135 (1.903)	Data 2.114 (1.872)	Loss 0.7345 (0.7083)	Prec@1 37.500 (51.136)	Prec@5 37.500 (51.136)	
Epoch: [5][10/54]	Time 2.135 (1.903)	Data 2.114 (1.872)	Loss 0.7345 (0.7083)	Prec@1 37.500 (51.136)	Prec@5 37.500 (51.136)	
Epoch: [5][10/54]	Time 2.135 (1.903)	Data 2.114 (1.872)	Loss 0.7345 (0.7083)	Prec@1 37.500 (51.136)	Prec@5 37.500 (51.136)	
Epoch: [5][10/54]	Time 2.135 (1.903)	Data 2.114 (1.872)	Loss 0.7345 (0.7083)	Prec@1 37.500 (51.136)	Prec@5 37.500 (51.136)	
Epoch: [5][10/54]	Time 2.135 (1.903)	Data 2.114 (1.872)	Loss 0.7345 (0.7083)	Prec@1 37.500 (51.136)	Prec@5 37.500 (51.136)	
Epoch: [5][10/54]	Time 2.135 (1.903)	Data 2.114 (1.872)	Loss 0.7345 (0.7083)	Prec@1 37.500 (51.136)	Prec@5 37.500 (51.136)	
Epoch: [5][20/54]	Time 2.572 (2.128)	Data 2.527 (2.094)	Loss 0.7464 (0.7028)	Prec@1 25.000 (52.381)	Prec@5 25.000 (52.381)	
Epoch: [5][20/54]	Time 2.572 (2.128)	Data 2.527 (2.094)	Loss 0.7464 (0.7028)	Prec@1 25.000 (52.381)	Prec@5 25.000 (52.381)	
Epoch: [5][20/54]	Time 2.572 (2.128)	Data 2.527 (2.094)	Loss 0.7464 (0.7028)	Prec@1 25.000 (52.381)	Prec@5 25.000 (52.381)	
Epoch: [5][20/54]	Time 2.572 (2.128)	Data 2.527 (2.094)	Loss 0.7464 (0.7028)	Prec@1 25.000 (52.381)	Prec@5 25.000 (52.381)	
Epoch: [5][20/54]	Time 2.572 (2.128)	Data 2.527 (2.094)	Loss 0.7464 (0.7028)	Prec@1 25.000 (52.381)	Prec@5 25.000 (52.381)	
Epoch: [5][20/54]	Time 2.572 (2.128)	Data 2.527 (2.094)	Loss 0.7464 (0.7028)	Prec@1 25.000 (52.381)	Prec@5 25.000 (52.381)	
Epoch: [5][30/54]	Time 3.003 (2.347)	Data 2.961 (2.312)	Loss 0.7505 (0.7024)	Prec@1 25.000 (53.629)	Prec@5 25.000 (53.629)	
Epoch: [5][30/54]	Time 3.003 (2.347)	Data 2.961 (2.312)	Loss 0.7505 (0.7024)	Prec@1 25.000 (53.629)	Prec@5 25.000 (53.629)	
Epoch: [5][30/54]	Time 3.003 (2.347)	Data 2.961 (2.312)	Loss 0.7505 (0.7024)	Prec@1 25.000 (53.629)	Prec@5 25.000 (53.629)	
Epoch: [5][30/54]	Time 3.003 (2.347)	Data 2.961 (2.312)	Loss 0.7505 (0.7024)	Prec@1 25.000 (53.629)	Prec@5 25.000 (53.629)	
Epoch: [5][30/54]	Time 3.003 (2.347)	Data 2.961 (2.312)	Loss 0.7505 (0.7024)	Prec@1 25.000 (53.629)	Prec@5 25.000 (53.629)	
Epoch: [5][30/54]	Time 3.003 (2.347)	Data 2.961 (2.312)	Loss 0.7505 (0.7024)	Prec@1 25.000 (53.629)	Prec@5 25.000 (53.629)	
Epoch: [5][40/54]	Time 3.505 (2.577)	Data 3.483 (2.546)	Loss 0.6756 (0.7015)	Prec@1 62.500 (54.573)	Prec@5 62.500 (54.573)	
Epoch: [5][40/54]	Time 3.505 (2.577)	Data 3.483 (2.546)	Loss 0.6756 (0.7015)	Prec@1 62.500 (54.573)	Prec@5 62.500 (54.573)	
Epoch: [5][40/54]	Time 3.505 (2.577)	Data 3.483 (2.546)	Loss 0.6756 (0.7015)	Prec@1 62.500 (54.573)	Prec@5 62.500 (54.573)	
Epoch: [5][40/54]	Time 3.505 (2.577)	Data 3.483 (2.546)	Loss 0.6756 (0.7015)	Prec@1 62.500 (54.573)	Prec@5 62.500 (54.573)	
Epoch: [5][40/54]	Time 3.505 (2.577)	Data 3.483 (2.546)	Loss 0.6756 (0.7015)	Prec@1 62.500 (54.573)	Prec@5 62.500 (54.573)	
Epoch: [5][40/54]	Time 3.505 (2.577)	Data 3.483 (2.546)	Loss 0.6756 (0.7015)	Prec@1 62.500 (54.573)	Prec@5 62.500 (54.573)	
Epoch: [5][50/54]	Time 3.940 (2.806)	Data 3.911 (2.775)	Loss 0.6675 (0.6990)	Prec@1 62.500 (54.902)	Prec@5 62.500 (54.902)	
Epoch: [5][50/54]	Time 3.940 (2.806)	Data 3.911 (2.775)	Loss 0.6675 (0.6990)	Prec@1 62.500 (54.902)	Prec@5 62.500 (54.902)	
Epoch: [5][50/54]	Time 3.940 (2.806)	Data 3.911 (2.775)	Loss 0.6675 (0.6990)	Prec@1 62.500 (54.902)	Prec@5 62.500 (54.902)	
Epoch: [5][50/54]	Time 3.940 (2.806)	Data 3.911 (2.775)	Loss 0.6675 (0.6990)	Prec@1 62.500 (54.902)	Prec@5 62.500 (54.902)	
Epoch: [5][50/54]	Time 3.940 (2.806)	Data 3.911 (2.775)	Loss 0.6675 (0.6990)	Prec@1 62.500 (54.902)	Prec@5 62.500 (54.902)	
Epoch: [5][50/54]	Time 3.940 (2.806)	Data 3.911 (2.775)	Loss 0.6675 (0.6990)	Prec@1 62.500 (54.902)	Prec@5 62.500 (54.902)	
Epoch: [6][0/54]	Time 1.612 (1.612)	Data 1.592 (1.592)	Loss 0.6704 (0.6704)	Prec@1 75.000 (75.000)	Prec@5 75.000 (75.000)	
Epoch: [6][0/54]	Time 1.612 (1.612)	Data 1.592 (1.592)	Loss 0.6704 (0.6704)	Prec@1 75.000 (75.000)	Prec@5 75.000 (75.000)	
Epoch: [6][0/54]	Time 1.612 (1.612)	Data 1.592 (1.592)	Loss 0.6704 (0.6704)	Prec@1 75.000 (75.000)	Prec@5 75.000 (75.000)	
Epoch: [6][0/54]	Time 1.612 (1.612)	Data 1.592 (1.592)	Loss 0.6704 (0.6704)	Prec@1 75.000 (75.000)	Prec@5 75.000 (75.000)	
Epoch: [6][0/54]	Time 1.612 (1.612)	Data 1.592 (1.592)	Loss 0.6704 (0.6704)	Prec@1 75.000 (75.000)	Prec@5 75.000 (75.000)	
Epoch: [6][0/54]	Time 1.612 (1.612)	Data 1.592 (1.592)	Loss 0.6704 (0.6704)	Prec@1 75.000 (75.000)	Prec@5 75.000 (75.000)	
Epoch: [6][0/54]	Time 1.612 (1.612)	Data 1.592 (1.592)	Loss 0.6704 (0.6704)	Prec@1 75.000 (75.000)	Prec@5 75.000 (75.000)	
Epoch: [6][10/54]	Time 2.145 (1.880)	Data 2.129 (1.851)	Loss 0.7287 (0.7058)	Prec@1 37.500 (53.409)	Prec@5 37.500 (53.409)	
Epoch: [6][10/54]	Time 2.145 (1.880)	Data 2.129 (1.851)	Loss 0.7287 (0.7058)	Prec@1 37.500 (53.409)	Prec@5 37.500 (53.409)	
Epoch: [6][10/54]	Time 2.145 (1.880)	Data 2.129 (1.851)	Loss 0.7287 (0.7058)	Prec@1 37.500 (53.409)	Prec@5 37.500 (53.409)	
Epoch: [6][10/54]	Time 2.145 (1.880)	Data 2.129 (1.851)	Loss 0.7287 (0.7058)	Prec@1 37.500 (53.409)	Prec@5 37.500 (53.409)	
Epoch: [6][10/54]	Time 2.145 (1.880)	Data 2.129 (1.851)	Loss 0.7287 (0.7058)	Prec@1 37.500 (53.409)	Prec@5 37.500 (53.409)	
Epoch: [6][10/54]	Time 2.145 (1.880)	Data 2.129 (1.851)	Loss 0.7287 (0.7058)	Prec@1 37.500 (53.409)	Prec@5 37.500 (53.409)	
Epoch: [6][10/54]	Time 2.145 (1.880)	Data 2.129 (1.851)	Loss 0.7287 (0.7058)	Prec@1 37.500 (53.409)	Prec@5 37.500 (53.409)	
Epoch: [6][20/54]	Time 2.617 (2.133)	Data 2.591 (2.107)	Loss 0.6844 (0.7067)	Prec@1 62.500 (52.381)	Prec@5 62.500 (52.381)	
Epoch: [6][20/54]	Time 2.617 (2.133)	Data 2.591 (2.107)	Loss 0.6844 (0.7067)	Prec@1 62.500 (52.381)	Prec@5 62.500 (52.381)	
Epoch: [6][20/54]	Time 2.617 (2.133)	Data 2.591 (2.107)	Loss 0.6844 (0.7067)	Prec@1 62.500 (52.381)	Prec@5 62.500 (52.381)	
Epoch: [6][20/54]	Time 2.617 (2.133)	Data 2.591 (2.107)	Loss 0.6844 (0.7067)	Prec@1 62.500 (52.381)	Prec@5 62.500 (52.381)	
Epoch: [6][20/54]	Time 2.617 (2.133)	Data 2.591 (2.107)	Loss 0.6844 (0.7067)	Prec@1 62.500 (52.381)	Prec@5 62.500 (52.381)	
Epoch: [6][20/54]	Time 2.617 (2.133)	Data 2.591 (2.107)	Loss 0.6844 (0.7067)	Prec@1 62.500 (52.381)	Prec@5 62.500 (52.381)	
Epoch: [6][20/54]	Time 2.617 (2.133)	Data 2.591 (2.107)	Loss 0.6844 (0.7067)	Prec@1 62.500 (52.381)	Prec@5 62.500 (52.381)	
Epoch: [6][30/54]	Time 3.052 (2.367)	Data 3.010 (2.337)	Loss 0.6630 (0.6995)	Prec@1 75.000 (56.048)	Prec@5 75.000 (56.048)	
Epoch: [6][30/54]	Time 3.052 (2.367)	Data 3.010 (2.337)	Loss 0.6630 (0.6995)	Prec@1 75.000 (56.048)	Prec@5 75.000 (56.048)	
Epoch: [6][30/54]	Time 3.052 (2.367)	Data 3.010 (2.337)	Loss 0.6630 (0.6995)	Prec@1 75.000 (56.048)	Prec@5 75.000 (56.048)	
Epoch: [6][30/54]	Time 3.052 (2.367)	Data 3.010 (2.337)	Loss 0.6630 (0.6995)	Prec@1 75.000 (56.048)	Prec@5 75.000 (56.048)	
Epoch: [6][30/54]	Time 3.052 (2.367)	Data 3.010 (2.337)	Loss 0.6630 (0.6995)	Prec@1 75.000 (56.048)	Prec@5 75.000 (56.048)	
Epoch: [6][30/54]	Time 3.052 (2.367)	Data 3.010 (2.337)	Loss 0.6630 (0.6995)	Prec@1 75.000 (56.048)	Prec@5 75.000 (56.048)	
Epoch: [6][30/54]	Time 3.052 (2.367)	Data 3.010 (2.337)	Loss 0.6630 (0.6995)	Prec@1 75.000 (56.048)	Prec@5 75.000 (56.048)	
Epoch: [6][40/54]	Time 3.487 (2.592)	Data 3.450 (2.561)	Loss 0.7358 (0.6989)	Prec@1 37.500 (55.183)	Prec@5 37.500 (55.183)	
Epoch: [6][40/54]	Time 3.487 (2.592)	Data 3.450 (2.561)	Loss 0.7358 (0.6989)	Prec@1 37.500 (55.183)	Prec@5 37.500 (55.183)	
Epoch: [6][40/54]	Time 3.487 (2.592)	Data 3.450 (2.561)	Loss 0.7358 (0.6989)	Prec@1 37.500 (55.183)	Prec@5 37.500 (55.183)	
Epoch: [6][40/54]	Time 3.487 (2.592)	Data 3.450 (2.561)	Loss 0.7358 (0.6989)	Prec@1 37.500 (55.183)	Prec@5 37.500 (55.183)	
Epoch: [6][40/54]	Time 3.487 (2.592)	Data 3.450 (2.561)	Loss 0.7358 (0.6989)	Prec@1 37.500 (55.183)	Prec@5 37.500 (55.183)	
Epoch: [6][40/54]	Time 3.487 (2.592)	Data 3.450 (2.561)	Loss 0.7358 (0.6989)	Prec@1 37.500 (55.183)	Prec@5 37.500 (55.183)	
Epoch: [6][40/54]	Time 3.487 (2.592)	Data 3.450 (2.561)	Loss 0.7358 (0.6989)	Prec@1 37.500 (55.183)	Prec@5 37.500 (55.183)	
Epoch: [6][50/54]	Time 3.944 (2.816)	Data 3.927 (2.784)	Loss 0.6682 (0.6971)	Prec@1 62.500 (55.882)	Prec@5 62.500 (55.882)	
Epoch: [6][50/54]	Time 3.944 (2.816)	Data 3.927 (2.784)	Loss 0.6682 (0.6971)	Prec@1 62.500 (55.882)	Prec@5 62.500 (55.882)	
Epoch: [6][50/54]	Time 3.944 (2.816)	Data 3.927 (2.784)	Loss 0.6682 (0.6971)	Prec@1 62.500 (55.882)	Prec@5 62.500 (55.882)	
Epoch: [6][50/54]	Time 3.944 (2.816)	Data 3.927 (2.784)	Loss 0.6682 (0.6971)	Prec@1 62.500 (55.882)	Prec@5 62.500 (55.882)	
Epoch: [6][50/54]	Time 3.944 (2.816)	Data 3.927 (2.784)	Loss 0.6682 (0.6971)	Prec@1 62.500 (55.882)	Prec@5 62.500 (55.882)	
Epoch: [6][50/54]	Time 3.944 (2.816)	Data 3.927 (2.784)	Loss 0.6682 (0.6971)	Prec@1 62.500 (55.882)	Prec@5 62.500 (55.882)	
Epoch: [6][50/54]	Time 3.944 (2.816)	Data 3.927 (2.784)	Loss 0.6682 (0.6971)	Prec@1 62.500 (55.882)	Prec@5 62.500 (55.882)	
Epoch: [7][0/54]	Time 1.600 (1.600)	Data 1.580 (1.580)	Loss 0.7104 (0.7104)	Prec@1 50.000 (50.000)	Prec@5 50.000 (50.000)	
Epoch: [7][0/54]	Time 1.600 (1.600)	Data 1.580 (1.580)	Loss 0.7104 (0.7104)	Prec@1 50.000 (50.000)	Prec@5 50.000 (50.000)	
Epoch: [7][0/54]	Time 1.600 (1.600)	Data 1.580 (1.580)	Loss 0.7104 (0.7104)	Prec@1 50.000 (50.000)	Prec@5 50.000 (50.000)	
Epoch: [7][0/54]	Time 1.600 (1.600)	Data 1.580 (1.580)	Loss 0.7104 (0.7104)	Prec@1 50.000 (50.000)	Prec@5 50.000 (50.000)	
Epoch: [7][0/54]	Time 1.600 (1.600)	Data 1.580 (1.580)	Loss 0.7104 (0.7104)	Prec@1 50.000 (50.000)	Prec@5 50.000 (50.000)	
Epoch: [7][0/54]	Time 1.600 (1.600)	Data 1.580 (1.580)	Loss 0.7104 (0.7104)	Prec@1 50.000 (50.000)	Prec@5 50.000 (50.000)	
Epoch: [7][0/54]	Time 1.600 (1.600)	Data 1.580 (1.580)	Loss 0.7104 (0.7104)	Prec@1 50.000 (50.000)	Prec@5 50.000 (50.000)	
Epoch: [7][0/54]	Time 1.600 (1.600)	Data 1.580 (1.580)	Loss 0.7104 (0.7104)	Prec@1 50.000 (50.000)	Prec@5 50.000 (50.000)	
Epoch: [7][10/54]	Time 2.083 (1.860)	Data 2.061 (1.829)	Loss 0.7098 (0.7064)	Prec@1 50.000 (51.136)	Prec@5 50.000 (51.136)	
Epoch: [7][10/54]	Time 2.083 (1.860)	Data 2.061 (1.829)	Loss 0.7098 (0.7064)	Prec@1 50.000 (51.136)	Prec@5 50.000 (51.136)	
Epoch: [7][10/54]	Time 2.083 (1.860)	Data 2.061 (1.829)	Loss 0.7098 (0.7064)	Prec@1 50.000 (51.136)	Prec@5 50.000 (51.136)	
Epoch: [7][10/54]	Time 2.083 (1.860)	Data 2.061 (1.829)	Loss 0.7098 (0.7064)	Prec@1 50.000 (51.136)	Prec@5 50.000 (51.136)	
Epoch: [7][10/54]	Time 2.083 (1.860)	Data 2.061 (1.829)	Loss 0.7098 (0.7064)	Prec@1 50.000 (51.136)	Prec@5 50.000 (51.136)	
Epoch: [7][10/54]	Time 2.083 (1.860)	Data 2.061 (1.829)	Loss 0.7098 (0.7064)	Prec@1 50.000 (51.136)	Prec@5 50.000 (51.136)	
Epoch: [7][10/54]	Time 2.083 (1.860)	Data 2.061 (1.829)	Loss 0.7098 (0.7064)	Prec@1 50.000 (51.136)	Prec@5 50.000 (51.136)	
Epoch: [7][10/54]	Time 2.083 (1.860)	Data 2.061 (1.829)	Loss 0.7098 (0.7064)	Prec@1 50.000 (51.136)	Prec@5 50.000 (51.136)	
Epoch: [7][20/54]	Time 2.560 (2.094)	Data 2.531 (2.067)	Loss 0.6303 (0.6984)	Prec@1 87.500 (53.571)	Prec@5 87.500 (53.571)	
Epoch: [7][20/54]	Time 2.560 (2.094)	Data 2.531 (2.067)	Loss 0.6303 (0.6984)	Prec@1 87.500 (53.571)	Prec@5 87.500 (53.571)	
Epoch: [7][20/54]	Time 2.560 (2.094)	Data 2.531 (2.067)	Loss 0.6303 (0.6984)	Prec@1 87.500 (53.571)	Prec@5 87.500 (53.571)	
Epoch: [7][20/54]	Time 2.560 (2.094)	Data 2.531 (2.067)	Loss 0.6303 (0.6984)	Prec@1 87.500 (53.571)	Prec@5 87.500 (53.571)	
Epoch: [7][20/54]	Time 2.560 (2.094)	Data 2.531 (2.067)	Loss 0.6303 (0.6984)	Prec@1 87.500 (53.571)	Prec@5 87.500 (53.571)	
Epoch: [7][20/54]	Time 2.560 (2.094)	Data 2.531 (2.067)	Loss 0.6303 (0.6984)	Prec@1 87.500 (53.571)	Prec@5 87.500 (53.571)	
Epoch: [7][20/54]	Time 2.560 (2.094)	Data 2.531 (2.067)	Loss 0.6303 (0.6984)	Prec@1 87.500 (53.571)	Prec@5 87.500 (53.571)	
Epoch: [7][20/54]	Time 2.560 (2.094)	Data 2.531 (2.067)	Loss 0.6303 (0.6984)	Prec@1 87.500 (53.571)	Prec@5 87.500 (53.571)	
Epoch: [7][30/54]	Time 2.994 (2.321)	Data 2.952 (2.291)	Loss 0.6506 (0.6943)	Prec@1 75.000 (56.855)	Prec@5 75.000 (56.855)	
Epoch: [7][30/54]	Time 2.994 (2.321)	Data 2.952 (2.291)	Loss 0.6506 (0.6943)	Prec@1 75.000 (56.855)	Prec@5 75.000 (56.855)	
Epoch: [7][30/54]	Time 2.994 (2.321)	Data 2.952 (2.291)	Loss 0.6506 (0.6943)	Prec@1 75.000 (56.855)	Prec@5 75.000 (56.855)	
Epoch: [7][30/54]	Time 2.994 (2.321)	Data 2.952 (2.291)	Loss 0.6506 (0.6943)	Prec@1 75.000 (56.855)	Prec@5 75.000 (56.855)	
Epoch: [7][30/54]	Time 2.994 (2.321)	Data 2.952 (2.291)	Loss 0.6506 (0.6943)	Prec@1 75.000 (56.855)	Prec@5 75.000 (56.855)	
Epoch: [7][30/54]	Time 2.994 (2.321)	Data 2.952 (2.291)	Loss 0.6506 (0.6943)	Prec@1 75.000 (56.855)	Prec@5 75.000 (56.855)	
Epoch: [7][30/54]	Time 2.994 (2.321)	Data 2.952 (2.291)	Loss 0.6506 (0.6943)	Prec@1 75.000 (56.855)	Prec@5 75.000 (56.855)	
Epoch: [7][30/54]	Time 2.994 (2.321)	Data 2.952 (2.291)	Loss 0.6506 (0.6943)	Prec@1 75.000 (56.855)	Prec@5 75.000 (56.855)	
Epoch: [7][40/54]	Time 3.431 (2.544)	Data 3.388 (2.512)	Loss 0.6736 (0.6964)	Prec@1 62.500 (55.793)	Prec@5 62.500 (55.793)	
Epoch: [7][40/54]	Time 3.431 (2.544)	Data 3.388 (2.512)	Loss 0.6736 (0.6964)	Prec@1 62.500 (55.793)	Prec@5 62.500 (55.793)	
Epoch: [7][40/54]	Time 3.431 (2.544)	Data 3.388 (2.512)	Loss 0.6736 (0.6964)	Prec@1 62.500 (55.793)	Prec@5 62.500 (55.793)	
Epoch: [7][40/54]	Time 3.431 (2.544)	Data 3.388 (2.512)	Loss 0.6736 (0.6964)	Prec@1 62.500 (55.793)	Prec@5 62.500 (55.793)	
Epoch: [7][40/54]	Time 3.431 (2.544)	Data 3.388 (2.512)	Loss 0.6736 (0.6964)	Prec@1 62.500 (55.793)	Prec@5 62.500 (55.793)	
Epoch: [7][40/54]	Time 3.431 (2.544)	Data 3.388 (2.512)	Loss 0.6736 (0.6964)	Prec@1 62.500 (55.793)	Prec@5 62.500 (55.793)	
Epoch: [7][40/54]	Time 3.431 (2.544)	Data 3.388 (2.512)	Loss 0.6736 (0.6964)	Prec@1 62.500 (55.793)	Prec@5 62.500 (55.793)	
Epoch: [7][40/54]	Time 3.431 (2.544)	Data 3.388 (2.512)	Loss 0.6736 (0.6964)	Prec@1 62.500 (55.793)	Prec@5 62.500 (55.793)	
Epoch: [7][50/54]	Time 3.910 (2.772)	Data 3.888 (2.741)	Loss 0.7384 (0.6978)	Prec@1 37.500 (55.392)	Prec@5 37.500 (55.392)	
Epoch: [7][50/54]	Time 3.910 (2.772)	Data 3.888 (2.741)	Loss 0.7384 (0.6978)	Prec@1 37.500 (55.392)	Prec@5 37.500 (55.392)	
Epoch: [7][50/54]	Time 3.910 (2.772)	Data 3.888 (2.741)	Loss 0.7384 (0.6978)	Prec@1 37.500 (55.392)	Prec@5 37.500 (55.392)	
Epoch: [7][50/54]	Time 3.910 (2.772)	Data 3.888 (2.741)	Loss 0.7384 (0.6978)	Prec@1 37.500 (55.392)	Prec@5 37.500 (55.392)	
Epoch: [7][50/54]	Time 3.910 (2.772)	Data 3.888 (2.741)	Loss 0.7384 (0.6978)	Prec@1 37.500 (55.392)	Prec@5 37.500 (55.392)	
Epoch: [7][50/54]	Time 3.910 (2.772)	Data 3.888 (2.741)	Loss 0.7384 (0.6978)	Prec@1 37.500 (55.392)	Prec@5 37.500 (55.392)	
Epoch: [7][50/54]	Time 3.910 (2.772)	Data 3.888 (2.741)	Loss 0.7384 (0.6978)	Prec@1 37.500 (55.392)	Prec@5 37.500 (55.392)	
Epoch: [7][50/54]	Time 3.910 (2.772)	Data 3.888 (2.741)	Loss 0.7384 (0.6978)	Prec@1 37.500 (55.392)	Prec@5 37.500 (55.392)	
Epoch: [8][0/54]	Time 1.769 (1.769)	Data 1.749 (1.749)	Loss 0.6913 (0.6913)	Prec@1 62.500 (62.500)	Prec@5 62.500 (62.500)	
Epoch: [8][0/54]	Time 1.769 (1.769)	Data 1.749 (1.749)	Loss 0.6913 (0.6913)	Prec@1 62.500 (62.500)	Prec@5 62.500 (62.500)	
Epoch: [8][0/54]	Time 1.769 (1.769)	Data 1.749 (1.749)	Loss 0.6913 (0.6913)	Prec@1 62.500 (62.500)	Prec@5 62.500 (62.500)	
Epoch: [8][0/54]	Time 1.769 (1.769)	Data 1.749 (1.749)	Loss 0.6913 (0.6913)	Prec@1 62.500 (62.500)	Prec@5 62.500 (62.500)	
Epoch: [8][0/54]	Time 1.769 (1.769)	Data 1.749 (1.749)	Loss 0.6913 (0.6913)	Prec@1 62.500 (62.500)	Prec@5 62.500 (62.500)	
Epoch: [8][0/54]	Time 1.769 (1.769)	Data 1.749 (1.749)	Loss 0.6913 (0.6913)	Prec@1 62.500 (62.500)	Prec@5 62.500 (62.500)	
Epoch: [8][0/54]	Time 1.769 (1.769)	Data 1.749 (1.749)	Loss 0.6913 (0.6913)	Prec@1 62.500 (62.500)	Prec@5 62.500 (62.500)	
Epoch: [8][0/54]	Time 1.769 (1.769)	Data 1.749 (1.749)	Loss 0.6913 (0.6913)	Prec@1 62.500 (62.500)	Prec@5 62.500 (62.500)	
Epoch: [8][0/54]	Time 1.769 (1.769)	Data 1.749 (1.749)	Loss 0.6913 (0.6913)	Prec@1 62.500 (62.500)	Prec@5 62.500 (62.500)	
Epoch: [8][10/54]	Time 2.275 (2.039)	Data 2.232 (1.997)	Loss 0.7584 (0.7012)	Prec@1 25.000 (53.409)	Prec@5 25.000 (53.409)	
Epoch: [8][10/54]	Time 2.275 (2.039)	Data 2.232 (1.997)	Loss 0.7584 (0.7012)	Prec@1 25.000 (53.409)	Prec@5 25.000 (53.409)	
Epoch: [8][10/54]	Time 2.275 (2.039)	Data 2.232 (1.997)	Loss 0.7584 (0.7012)	Prec@1 25.000 (53.409)	Prec@5 25.000 (53.409)	
Epoch: [8][10/54]	Time 2.275 (2.039)	Data 2.232 (1.997)	Loss 0.7584 (0.7012)	Prec@1 25.000 (53.409)	Prec@5 25.000 (53.409)	
Epoch: [8][10/54]	Time 2.275 (2.039)	Data 2.232 (1.997)	Loss 0.7584 (0.7012)	Prec@1 25.000 (53.409)	Prec@5 25.000 (53.409)	
Epoch: [8][10/54]	Time 2.275 (2.039)	Data 2.232 (1.997)	Loss 0.7584 (0.7012)	Prec@1 25.000 (53.409)	Prec@5 25.000 (53.409)	
Epoch: [8][10/54]	Time 2.275 (2.039)	Data 2.232 (1.997)	Loss 0.7584 (0.7012)	Prec@1 25.000 (53.409)	Prec@5 25.000 (53.409)	
Epoch: [8][10/54]	Time 2.275 (2.039)	Data 2.232 (1.997)	Loss 0.7584 (0.7012)	Prec@1 25.000 (53.409)	Prec@5 25.000 (53.409)	
Epoch: [8][10/54]	Time 2.275 (2.039)	Data 2.232 (1.997)	Loss 0.7584 (0.7012)	Prec@1 25.000 (53.409)	Prec@5 25.000 (53.409)	
Epoch: [8][20/54]	Time 2.710 (2.266)	Data 2.668 (2.225)	Loss 0.6981 (0.6985)	Prec@1 62.500 (55.357)	Prec@5 62.500 (55.357)	
Epoch: [8][20/54]	Time 2.710 (2.266)	Data 2.668 (2.225)	Loss 0.6981 (0.6985)	Prec@1 62.500 (55.357)	Prec@5 62.500 (55.357)	
Epoch: [8][20/54]	Time 2.710 (2.266)	Data 2.668 (2.225)	Loss 0.6981 (0.6985)	Prec@1 62.500 (55.357)	Prec@5 62.500 (55.357)	
Epoch: [8][20/54]	Time 2.710 (2.266)	Data 2.668 (2.225)	Loss 0.6981 (0.6985)	Prec@1 62.500 (55.357)	Prec@5 62.500 (55.357)	
Epoch: [8][20/54]	Time 2.710 (2.266)	Data 2.668 (2.225)	Loss 0.6981 (0.6985)	Prec@1 62.500 (55.357)	Prec@5 62.500 (55.357)	
Epoch: [8][20/54]	Time 2.710 (2.266)	Data 2.668 (2.225)	Loss 0.6981 (0.6985)	Prec@1 62.500 (55.357)	Prec@5 62.500 (55.357)	
Epoch: [8][20/54]	Time 2.710 (2.266)	Data 2.668 (2.225)	Loss 0.6981 (0.6985)	Prec@1 62.500 (55.357)	Prec@5 62.500 (55.357)	
Epoch: [8][20/54]	Time 2.710 (2.266)	Data 2.668 (2.225)	Loss 0.6981 (0.6985)	Prec@1 62.500 (55.357)	Prec@5 62.500 (55.357)	
Epoch: [8][20/54]	Time 2.710 (2.266)	Data 2.668 (2.225)	Loss 0.6981 (0.6985)	Prec@1 62.500 (55.357)	Prec@5 62.500 (55.357)	
Epoch: [8][30/54]	Time 3.254 (2.505)	Data 3.233 (2.471)	Loss 0.7293 (0.7003)	Prec@1 37.500 (54.032)	Prec@5 37.500 (54.032)	
Epoch: [8][30/54]	Time 3.254 (2.505)	Data 3.233 (2.471)	Loss 0.7293 (0.7003)	Prec@1 37.500 (54.032)	Prec@5 37.500 (54.032)	
Epoch: [8][30/54]	Time 3.254 (2.505)	Data 3.233 (2.471)	Loss 0.7293 (0.7003)	Prec@1 37.500 (54.032)	Prec@5 37.500 (54.032)	
Epoch: [8][30/54]	Time 3.254 (2.505)	Data 3.233 (2.471)	Loss 0.7293 (0.7003)	Prec@1 37.500 (54.032)	Prec@5 37.500 (54.032)	
Epoch: [8][30/54]	Time 3.254 (2.505)	Data 3.233 (2.471)	Loss 0.7293 (0.7003)	Prec@1 37.500 (54.032)	Prec@5 37.500 (54.032)	
Epoch: [8][30/54]	Time 3.254 (2.505)	Data 3.233 (2.471)	Loss 0.7293 (0.7003)	Prec@1 37.500 (54.032)	Prec@5 37.500 (54.032)	
Epoch: [8][30/54]	Time 3.254 (2.505)	Data 3.233 (2.471)	Loss 0.7293 (0.7003)	Prec@1 37.500 (54.032)	Prec@5 37.500 (54.032)	
Epoch: [8][30/54]	Time 3.254 (2.505)	Data 3.233 (2.471)	Loss 0.7293 (0.7003)	Prec@1 37.500 (54.032)	Prec@5 37.500 (54.032)	
Epoch: [8][30/54]	Time 3.254 (2.505)	Data 3.233 (2.471)	Loss 0.7293 (0.7003)	Prec@1 37.500 (54.032)	Prec@5 37.500 (54.032)	
Epoch: [8][40/54]	Time 3.715 (2.751)	Data 3.698 (2.719)	Loss 0.7137 (0.6979)	Prec@1 50.000 (55.488)	Prec@5 50.000 (55.488)	
Epoch: [8][40/54]	Time 3.715 (2.751)	Data 3.698 (2.719)	Loss 0.7137 (0.6979)	Prec@1 50.000 (55.488)	Prec@5 50.000 (55.488)	
Epoch: [8][40/54]	Time 3.715 (2.751)	Data 3.698 (2.719)	Loss 0.7137 (0.6979)	Prec@1 50.000 (55.488)	Prec@5 50.000 (55.488)	
Epoch: [8][40/54]	Time 3.715 (2.751)	Data 3.698 (2.719)	Loss 0.7137 (0.6979)	Prec@1 50.000 (55.488)	Prec@5 50.000 (55.488)	
Epoch: [8][40/54]	Time 3.715 (2.751)	Data 3.698 (2.719)	Loss 0.7137 (0.6979)	Prec@1 50.000 (55.488)	Prec@5 50.000 (55.488)	
Epoch: [8][40/54]	Time 3.715 (2.751)	Data 3.698 (2.719)	Loss 0.7137 (0.6979)	Prec@1 50.000 (55.488)	Prec@5 50.000 (55.488)	
Epoch: [8][40/54]	Time 3.715 (2.751)	Data 3.698 (2.719)	Loss 0.7137 (0.6979)	Prec@1 50.000 (55.488)	Prec@5 50.000 (55.488)	
Epoch: [8][40/54]	Time 3.715 (2.751)	Data 3.698 (2.719)	Loss 0.7137 (0.6979)	Prec@1 50.000 (55.488)	Prec@5 50.000 (55.488)	
Epoch: [8][40/54]	Time 3.715 (2.751)	Data 3.698 (2.719)	Loss 0.7137 (0.6979)	Prec@1 50.000 (55.488)	Prec@5 50.000 (55.488)	
Epoch: [8][50/54]	Time 4.151 (2.987)	Data 4.109 (2.954)	Loss 0.6871 (0.6990)	Prec@1 50.000 (55.147)	Prec@5 50.000 (55.147)	
Epoch: [8][50/54]	Time 4.151 (2.987)	Data 4.109 (2.954)	Loss 0.6871 (0.6990)	Prec@1 50.000 (55.147)	Prec@5 50.000 (55.147)	
Epoch: [8][50/54]	Time 4.151 (2.987)	Data 4.109 (2.954)	Loss 0.6871 (0.6990)	Prec@1 50.000 (55.147)	Prec@5 50.000 (55.147)	
Epoch: [8][50/54]	Time 4.151 (2.987)	Data 4.109 (2.954)	Loss 0.6871 (0.6990)	Prec@1 50.000 (55.147)	Prec@5 50.000 (55.147)	
Epoch: [8][50/54]	Time 4.151 (2.987)	Data 4.109 (2.954)	Loss 0.6871 (0.6990)	Prec@1 50.000 (55.147)	Prec@5 50.000 (55.147)	
Epoch: [8][50/54]	Time 4.151 (2.987)	Data 4.109 (2.954)	Loss 0.6871 (0.6990)	Prec@1 50.000 (55.147)	Prec@5 50.000 (55.147)	
Epoch: [8][50/54]	Time 4.151 (2.987)	Data 4.109 (2.954)	Loss 0.6871 (0.6990)	Prec@1 50.000 (55.147)	Prec@5 50.000 (55.147)	
Epoch: [8][50/54]	Time 4.151 (2.987)	Data 4.109 (2.954)	Loss 0.6871 (0.6990)	Prec@1 50.000 (55.147)	Prec@5 50.000 (55.147)	
Epoch: [8][50/54]	Time 4.151 (2.987)	Data 4.109 (2.954)	Loss 0.6871 (0.6990)	Prec@1 50.000 (55.147)	Prec@5 50.000 (55.147)	
Epoch: [9][0/54]	Time 1.608 (1.608)	Data 1.588 (1.588)	Loss 0.6505 (0.6505)	Prec@1 75.000 (75.000)	Prec@5 75.000 (75.000)	
Epoch: [9][0/54]	Time 1.608 (1.608)	Data 1.588 (1.588)	Loss 0.6505 (0.6505)	Prec@1 75.000 (75.000)	Prec@5 75.000 (75.000)	
Epoch: [9][0/54]	Time 1.608 (1.608)	Data 1.588 (1.588)	Loss 0.6505 (0.6505)	Prec@1 75.000 (75.000)	Prec@5 75.000 (75.000)	
Epoch: [9][0/54]	Time 1.608 (1.608)	Data 1.588 (1.588)	Loss 0.6505 (0.6505)	Prec@1 75.000 (75.000)	Prec@5 75.000 (75.000)	
Epoch: [9][0/54]	Time 1.608 (1.608)	Data 1.588 (1.588)	Loss 0.6505 (0.6505)	Prec@1 75.000 (75.000)	Prec@5 75.000 (75.000)	
Epoch: [9][0/54]	Time 1.608 (1.608)	Data 1.588 (1.588)	Loss 0.6505 (0.6505)	Prec@1 75.000 (75.000)	Prec@5 75.000 (75.000)	
Epoch: [9][0/54]	Time 1.608 (1.608)	Data 1.588 (1.588)	Loss 0.6505 (0.6505)	Prec@1 75.000 (75.000)	Prec@5 75.000 (75.000)	
Epoch: [9][0/54]	Time 1.608 (1.608)	Data 1.588 (1.588)	Loss 0.6505 (0.6505)	Prec@1 75.000 (75.000)	Prec@5 75.000 (75.000)	
Epoch: [9][0/54]	Time 1.608 (1.608)	Data 1.588 (1.588)	Loss 0.6505 (0.6505)	Prec@1 75.000 (75.000)	Prec@5 75.000 (75.000)	
Epoch: [9][0/54]	Time 1.608 (1.608)	Data 1.588 (1.588)	Loss 0.6505 (0.6505)	Prec@1 75.000 (75.000)	Prec@5 75.000 (75.000)	
Epoch: [9][10/54]	Time 2.076 (1.855)	Data 2.034 (1.816)	Loss 0.6944 (0.7085)	Prec@1 62.500 (48.864)	Prec@5 62.500 (48.864)	
Epoch: [9][10/54]	Time 2.076 (1.855)	Data 2.034 (1.816)	Loss 0.6944 (0.7085)	Prec@1 62.500 (48.864)	Prec@5 62.500 (48.864)	
Epoch: [9][10/54]	Time 2.076 (1.855)	Data 2.034 (1.816)	Loss 0.6944 (0.7085)	Prec@1 62.500 (48.864)	Prec@5 62.500 (48.864)	
Epoch: [9][10/54]	Time 2.076 (1.855)	Data 2.034 (1.816)	Loss 0.6944 (0.7085)	Prec@1 62.500 (48.864)	Prec@5 62.500 (48.864)	
Epoch: [9][10/54]	Time 2.076 (1.855)	Data 2.034 (1.816)	Loss 0.6944 (0.7085)	Prec@1 62.500 (48.864)	Prec@5 62.500 (48.864)	
Epoch: [9][10/54]	Time 2.076 (1.855)	Data 2.034 (1.816)	Loss 0.6944 (0.7085)	Prec@1 62.500 (48.864)	Prec@5 62.500 (48.864)	
Epoch: [9][10/54]	Time 2.076 (1.855)	Data 2.034 (1.816)	Loss 0.6944 (0.7085)	Prec@1 62.500 (48.864)	Prec@5 62.500 (48.864)	
Epoch: [9][10/54]	Time 2.076 (1.855)	Data 2.034 (1.816)	Loss 0.6944 (0.7085)	Prec@1 62.500 (48.864)	Prec@5 62.500 (48.864)	
Epoch: [9][10/54]	Time 2.076 (1.855)	Data 2.034 (1.816)	Loss 0.6944 (0.7085)	Prec@1 62.500 (48.864)	Prec@5 62.500 (48.864)	
Epoch: [9][10/54]	Time 2.076 (1.855)	Data 2.034 (1.816)	Loss 0.6944 (0.7085)	Prec@1 62.500 (48.864)	Prec@5 62.500 (48.864)	
Epoch: [9][20/54]	Time 2.512 (2.075)	Data 2.469 (2.036)	Loss 0.7175 (0.6996)	Prec@1 50.000 (54.762)	Prec@5 50.000 (54.762)	
Epoch: [9][20/54]	Time 2.512 (2.075)	Data 2.469 (2.036)	Loss 0.7175 (0.6996)	Prec@1 50.000 (54.762)	Prec@5 50.000 (54.762)	
Epoch: [9][20/54]	Time 2.512 (2.075)	Data 2.469 (2.036)	Loss 0.7175 (0.6996)	Prec@1 50.000 (54.762)	Prec@5 50.000 (54.762)	
Epoch: [9][20/54]	Time 2.512 (2.075)	Data 2.469 (2.036)	Loss 0.7175 (0.6996)	Prec@1 50.000 (54.762)	Prec@5 50.000 (54.762)	
Epoch: [9][20/54]	Time 2.512 (2.075)	Data 2.469 (2.036)	Loss 0.7175 (0.6996)	Prec@1 50.000 (54.762)	Prec@5 50.000 (54.762)	
Epoch: [9][20/54]	Time 2.512 (2.075)	Data 2.469 (2.036)	Loss 0.7175 (0.6996)	Prec@1 50.000 (54.762)	Prec@5 50.000 (54.762)	
Epoch: [9][20/54]	Time 2.512 (2.075)	Data 2.469 (2.036)	Loss 0.7175 (0.6996)	Prec@1 50.000 (54.762)	Prec@5 50.000 (54.762)	
Epoch: [9][20/54]	Time 2.512 (2.075)	Data 2.469 (2.036)	Loss 0.7175 (0.6996)	Prec@1 50.000 (54.762)	Prec@5 50.000 (54.762)	
Epoch: [9][20/54]	Time 2.512 (2.075)	Data 2.469 (2.036)	Loss 0.7175 (0.6996)	Prec@1 50.000 (54.762)	Prec@5 50.000 (54.762)	
Epoch: [9][20/54]	Time 2.512 (2.075)	Data 2.469 (2.036)	Loss 0.7175 (0.6996)	Prec@1 50.000 (54.762)	Prec@5 50.000 (54.762)	
Epoch: [9][30/54]	Time 2.989 (2.300)	Data 2.961 (2.265)	Loss 0.7225 (0.7085)	Prec@1 37.500 (49.597)	Prec@5 37.500 (49.597)	
Epoch: [9][30/54]	Time 2.989 (2.300)	Data 2.961 (2.265)	Loss 0.7225 (0.7085)	Prec@1 37.500 (49.597)	Prec@5 37.500 (49.597)	
Epoch: [9][30/54]	Time 2.989 (2.300)	Data 2.961 (2.265)	Loss 0.7225 (0.7085)	Prec@1 37.500 (49.597)	Prec@5 37.500 (49.597)	
Epoch: [9][30/54]	Time 2.989 (2.300)	Data 2.961 (2.265)	Loss 0.7225 (0.7085)	Prec@1 37.500 (49.597)	Prec@5 37.500 (49.597)	
Epoch: [9][30/54]	Time 2.989 (2.300)	Data 2.961 (2.265)	Loss 0.7225 (0.7085)	Prec@1 37.500 (49.597)	Prec@5 37.500 (49.597)	
Epoch: [9][30/54]	Time 2.989 (2.300)	Data 2.961 (2.265)	Loss 0.7225 (0.7085)	Prec@1 37.500 (49.597)	Prec@5 37.500 (49.597)	
Epoch: [9][30/54]	Time 2.989 (2.300)	Data 2.961 (2.265)	Loss 0.7225 (0.7085)	Prec@1 37.500 (49.597)	Prec@5 37.500 (49.597)	
Epoch: [9][30/54]	Time 2.989 (2.300)	Data 2.961 (2.265)	Loss 0.7225 (0.7085)	Prec@1 37.500 (49.597)	Prec@5 37.500 (49.597)	
Epoch: [9][30/54]	Time 2.989 (2.300)	Data 2.961 (2.265)	Loss 0.7225 (0.7085)	Prec@1 37.500 (49.597)	Prec@5 37.500 (49.597)	
Epoch: [9][30/54]	Time 2.989 (2.300)	Data 2.961 (2.265)	Loss 0.7225 (0.7085)	Prec@1 37.500 (49.597)	Prec@5 37.500 (49.597)	
Epoch: [9][40/54]	Time 3.475 (2.531)	Data 3.448 (2.499)	Loss 0.6506 (0.7060)	Prec@1 87.500 (51.220)	Prec@5 87.500 (51.220)	
Epoch: [9][40/54]	Time 3.475 (2.531)	Data 3.448 (2.499)	Loss 0.6506 (0.7060)	Prec@1 87.500 (51.220)	Prec@5 87.500 (51.220)	
Epoch: [9][40/54]	Time 3.475 (2.531)	Data 3.448 (2.499)	Loss 0.6506 (0.7060)	Prec@1 87.500 (51.220)	Prec@5 87.500 (51.220)	
Epoch: [9][40/54]	Time 3.475 (2.531)	Data 3.448 (2.499)	Loss 0.6506 (0.7060)	Prec@1 87.500 (51.220)	Prec@5 87.500 (51.220)	
Epoch: [9][40/54]	Time 3.475 (2.531)	Data 3.448 (2.499)	Loss 0.6506 (0.7060)	Prec@1 87.500 (51.220)	Prec@5 87.500 (51.220)	
Epoch: [9][40/54]	Time 3.475 (2.531)	Data 3.448 (2.499)	Loss 0.6506 (0.7060)	Prec@1 87.500 (51.220)	Prec@5 87.500 (51.220)	
Epoch: [9][40/54]	Time 3.475 (2.531)	Data 3.448 (2.499)	Loss 0.6506 (0.7060)	Prec@1 87.500 (51.220)	Prec@5 87.500 (51.220)	
Epoch: [9][40/54]	Time 3.475 (2.531)	Data 3.448 (2.499)	Loss 0.6506 (0.7060)	Prec@1 87.500 (51.220)	Prec@5 87.500 (51.220)	
Epoch: [9][40/54]	Time 3.475 (2.531)	Data 3.448 (2.499)	Loss 0.6506 (0.7060)	Prec@1 87.500 (51.220)	Prec@5 87.500 (51.220)	
Epoch: [9][40/54]	Time 3.475 (2.531)	Data 3.448 (2.499)	Loss 0.6506 (0.7060)	Prec@1 87.500 (51.220)	Prec@5 87.500 (51.220)	
Epoch: [9][50/54]	Time 3.978 (2.775)	Data 3.945 (2.744)	Loss 0.6654 (0.6996)	Prec@1 62.500 (54.412)	Prec@5 62.500 (54.412)	
Epoch: [9][50/54]	Time 3.978 (2.775)	Data 3.945 (2.744)	Loss 0.6654 (0.6996)	Prec@1 62.500 (54.412)	Prec@5 62.500 (54.412)	
Epoch: [9][50/54]	Time 3.978 (2.775)	Data 3.945 (2.744)	Loss 0.6654 (0.6996)	Prec@1 62.500 (54.412)	Prec@5 62.500 (54.412)	
Epoch: [9][50/54]	Time 3.978 (2.775)	Data 3.945 (2.744)	Loss 0.6654 (0.6996)	Prec@1 62.500 (54.412)	Prec@5 62.500 (54.412)	
Epoch: [9][50/54]	Time 3.978 (2.775)	Data 3.945 (2.744)	Loss 0.6654 (0.6996)	Prec@1 62.500 (54.412)	Prec@5 62.500 (54.412)	
Epoch: [9][50/54]	Time 3.978 (2.775)	Data 3.945 (2.744)	Loss 0.6654 (0.6996)	Prec@1 62.500 (54.412)	Prec@5 62.500 (54.412)	
Epoch: [9][50/54]	Time 3.978 (2.775)	Data 3.945 (2.744)	Loss 0.6654 (0.6996)	Prec@1 62.500 (54.412)	Prec@5 62.500 (54.412)	
Epoch: [9][50/54]	Time 3.978 (2.775)	Data 3.945 (2.744)	Loss 0.6654 (0.6996)	Prec@1 62.500 (54.412)	Prec@5 62.500 (54.412)	
Epoch: [9][50/54]	Time 3.978 (2.775)	Data 3.945 (2.744)	Loss 0.6654 (0.6996)	Prec@1 62.500 (54.412)	Prec@5 62.500 (54.412)	
Epoch: [9][50/54]	Time 3.978 (2.775)	Data 3.945 (2.744)	Loss 0.6654 (0.6996)	Prec@1 62.500 (54.412)	Prec@5 62.500 (54.412)	
