Epoch: [0][0/54]	Time 4.943 (4.943)	Data 3.611 (3.611)	Loss 2.2971 (2.2971)	Prec@1 0.000 (0.000)	
Epoch: [0][10/54]	Time 5.542 (5.257)	Data 5.487 (5.086)	Loss 2.2234 (2.2690)	Prec@1 75.000 (10.227)	
Epoch: [0][20/54]	Time 6.101 (5.540)	Data 6.047 (5.426)	Loss 2.0386 (2.2041)	Prec@1 37.500 (32.738)	
Epoch: [0][30/54]	Time 6.661 (5.820)	Data 6.605 (5.726)	Loss 1.0480 (2.0127)	Prec@1 62.500 (37.097)	
Epoch: [0][40/54]	Time 7.220 (6.101)	Data 7.166 (6.017)	Loss 0.7004 (1.7039)	Prec@1 37.500 (41.159)	
Epoch: [0][50/54]	Time 7.780 (6.381)	Data 7.725 (6.303)	Loss 2.0851 (1.5336)	Prec@1 50.000 (44.853)	
Epoch: [1][0/54]	Time 3.711 (3.711)	Data 3.688 (3.688)	Loss 1.1910 (1.1910)	Prec@1 62.500 (62.500)	
Epoch: [1][0/54]	Time 3.711 (3.711)	Data 3.688 (3.688)	Loss 1.1910 (1.1910)	Prec@1 62.500 (62.500)	
Epoch: [1][10/54]	Time 4.315 (4.028)	Data 4.260 (3.977)	Loss 0.9430 (1.1821)	Prec@1 37.500 (50.000)	
Epoch: [1][10/54]	Time 4.315 (4.028)	Data 4.260 (3.977)	Loss 0.9430 (1.1821)	Prec@1 37.500 (50.000)	
Epoch: [1][20/54]	Time 4.875 (4.312)	Data 4.820 (4.261)	Loss 0.5796 (1.0524)	Prec@1 75.000 (51.786)	
Epoch: [1][20/54]	Time 4.875 (4.312)	Data 4.820 (4.261)	Loss 0.5796 (1.0524)	Prec@1 75.000 (51.786)	
Epoch: [1][30/54]	Time 5.435 (4.593)	Data 5.381 (4.542)	Loss 0.7487 (0.9350)	Prec@1 25.000 (52.823)	
Epoch: [1][30/54]	Time 5.435 (4.593)	Data 5.381 (4.542)	Loss 0.7487 (0.9350)	Prec@1 25.000 (52.823)	
Epoch: [1][40/54]	Time 5.996 (4.874)	Data 5.940 (4.823)	Loss 0.6690 (0.8704)	Prec@1 62.500 (54.268)	
Epoch: [1][40/54]	Time 5.996 (4.874)	Data 5.940 (4.823)	Loss 0.6690 (0.8704)	Prec@1 62.500 (54.268)	
Epoch: [1][50/54]	Time 6.558 (5.155)	Data 6.504 (5.103)	Loss 0.6917 (0.8379)	Prec@1 50.000 (53.186)	
Epoch: [1][50/54]	Time 6.558 (5.155)	Data 6.504 (5.103)	Loss 0.6917 (0.8379)	Prec@1 50.000 (53.186)	
Epoch: [0][0/54]	Time 3.702 (3.702)	Data 2.353 (2.353)	Loss 2.2982 (2.2982)	Prec@1 12.500 (12.500)	
Epoch: [0][10/54]	Time 4.289 (4.005)	Data 4.234 (3.834)	Loss 2.2320 (2.2508)	Prec@1 50.000 (52.273)	
Epoch: [0][20/54]	Time 4.847 (4.287)	Data 4.792 (4.172)	Loss 2.0645 (2.2154)	Prec@1 87.500 (54.167)	
Epoch: [0][30/54]	Time 5.406 (4.567)	Data 5.351 (4.473)	Loss 1.9761 (2.1673)	Prec@1 50.000 (53.629)	
Epoch: [0][40/54]	Time 5.968 (4.847)	Data 5.913 (4.763)	Loss 1.2632 (2.0540)	Prec@1 50.000 (51.524)	
Epoch: [0][50/54]	Time 6.528 (5.127)	Data 6.474 (5.050)	Loss 0.6795 (1.8014)	Prec@1 62.500 (54.412)	
Epoch: [0][0/54]	Time 3.626 (3.626)	Data 2.368 (2.368)	Loss 2.3199 (2.3199)	Prec@1 0.000 (0.000)	
Epoch: [0][10/54]	Time 4.250 (3.955)	Data 4.195 (3.788)	Loss 2.2789 (2.2964)	Prec@1 50.000 (4.545)	
Epoch: [0][0/178]	Time 3.713 (3.713)	Data 2.424 (2.424)	Loss 2.3283 (2.3283)	Prec@1 0.000 (0.000)	
Epoch: [0][10/178]	Time 4.299 (4.014)	Data 4.242 (3.848)	Loss 2.2796 (2.2901)	Prec@1 37.500 (25.000)	
Epoch: [0][20/178]	Time 4.863 (4.298)	Data 4.808 (4.186)	Loss 2.1791 (2.2552)	Prec@1 37.500 (34.524)	
Epoch: [0][30/178]	Time 5.431 (4.581)	Data 5.376 (4.489)	Loss 1.9622 (2.1909)	Prec@1 37.500 (39.516)	
Epoch: [0][0/178]	Time 3.676 (3.676)	Data 2.401 (2.401)	Loss 2.2884 (2.2884)	Prec@1 0.000 (0.000)	
Epoch: [0][10/178]	Time 4.263 (3.978)	Data 4.206 (3.813)	Loss 2.2031 (2.2466)	Prec@1 50.000 (17.045)	
Epoch: [0][20/178]	Time 4.826 (4.261)	Data 4.771 (4.151)	Loss 1.9808 (2.1779)	Prec@1 37.500 (33.333)	
Epoch: [0][30/178]	Time 5.389 (4.544)	Data 5.334 (4.452)	Loss 0.8190 (1.9509)	Prec@1 62.500 (41.935)	
Epoch: [0][40/178]	Time 5.954 (4.826)	Data 5.898 (4.744)	Loss 0.6712 (1.6888)	Prec@1 62.500 (45.122)	
Epoch: [0][50/178]	Time 6.517 (5.108)	Data 6.462 (5.032)	Loss 0.6809 (1.5386)	Prec@1 62.500 (47.059)	
Epoch: [0][60/178]	Time 7.081 (5.390)	Data 7.025 (5.318)	Loss 0.8580 (1.4134)	Prec@1 37.500 (46.721)	
Epoch: [0][70/178]	Time 7.646 (5.672)	Data 7.588 (5.603)	Loss 0.6689 (1.3194)	Prec@1 62.500 (46.831)	
Epoch: [0][80/178]	Time 8.209 (5.954)	Data 8.154 (5.887)	Loss 0.6640 (1.2399)	Prec@1 62.500 (48.765)	
Epoch: [0][90/178]	Time 8.774 (6.236)	Data 8.721 (6.171)	Loss 0.6936 (1.1824)	Prec@1 62.500 (48.489)	
Epoch: [0][100/178]	Time 9.340 (6.518)	Data 9.284 (6.454)	Loss 0.6948 (1.1362)	Prec@1 50.000 (49.010)	
Epoch: [0][110/178]	Time 9.905 (6.801)	Data 9.850 (6.738)	Loss 0.6609 (1.0975)	Prec@1 62.500 (49.324)	
Epoch: [0][120/178]	Time 10.471 (7.083)	Data 10.416 (7.021)	Loss 0.7498 (1.0645)	Prec@1 25.000 (49.587)	
Epoch: [0][130/178]	Time 11.036 (7.365)	Data 10.981 (7.304)	Loss 0.8904 (1.0399)	Prec@1 37.500 (49.618)	
Epoch: [0][140/178]	Time 11.602 (7.648)	Data 11.547 (7.587)	Loss 0.7348 (1.0167)	Prec@1 50.000 (49.823)	
Epoch: [0][150/178]	Time 12.169 (7.930)	Data 12.113 (7.870)	Loss 0.6695 (0.9965)	Prec@1 62.500 (49.752)	
Epoch: [0][160/178]	Time 12.735 (8.213)	Data 12.678 (8.153)	Loss 0.6915 (0.9784)	Prec@1 62.500 (49.689)	
Epoch: [0][170/178]	Time 13.302 (8.496)	Data 13.246 (8.437)	Loss 0.7373 (0.9628)	Prec@1 37.500 (49.488)	
Epoch: [0][0/9202]	Time 5.512 (5.512)	Data 3.993 (3.993)	Loss 2.2904 (2.2904)	Prec@1 0.000 (0.000)	
Epoch: [0][10/9202]	Time 7.756 (6.620)	Data 7.530 (6.291)	Loss 2.1715 (2.2465)	Prec@1 87.500 (32.955)	
Epoch: [0][20/9202]	Time 10.036 (7.759)	Data 9.811 (7.487)	Loss 1.8703 (2.1655)	Prec@1 75.000 (45.833)	
Epoch: [0][30/9202]	Time 12.320 (8.899)	Data 12.095 (8.647)	Loss 1.5606 (1.8966)	Prec@1 37.500 (52.016)	
Epoch: [0][40/9202]	Time 14.608 (10.041)	Data 14.381 (9.799)	Loss 0.7806 (1.6228)	Prec@1 50.000 (51.220)	
Epoch: [0][50/9202]	Time 16.961 (11.191)	Data 16.732 (10.954)	Loss 0.7950 (1.4467)	Prec@1 37.500 (49.265)	
Epoch: [0][60/9202]	Time 19.290 (12.347)	Data 19.053 (12.114)	Loss 0.7049 (1.3277)	Prec@1 37.500 (48.770)	
Epoch: [0][70/9202]	Time 21.620 (13.507)	Data 21.394 (13.277)	Loss 0.6873 (1.2442)	Prec@1 62.500 (51.232)	
Epoch: [0][0/9202]	Time 5.081 (5.081)	Data 3.562 (3.562)	Loss 2.3089 (2.3089)	Prec@1 0.000 (0.000)	
Epoch: [0][10/9202]	Time 7.397 (6.246)	Data 7.168 (5.913)	Loss 2.2127 (2.2821)	Prec@1 87.500 (27.273)	
Epoch: [0][20/9202]	Time 9.750 (7.410)	Data 9.525 (7.132)	Loss 2.1150 (2.2292)	Prec@1 62.500 (48.810)	
