Epoch: [0][0/54]	Time 2.865 (2.865)	Data 1.609 (1.609)	Loss 7.0924 (7.0924)	Prec@1 0.000 (0.000)	Prec@5 0.000 (0.000)	
Epoch: [0][10/54]	Time 3.254 (3.069)	Data 3.224 (2.922)	Loss 1.4866 (4.5544)	Prec@1 62.500 (36.364)	Prec@5 62.500 (36.364)	
Epoch: [0][20/54]	Time 3.688 (3.263)	Data 3.670 (3.177)	Loss 0.6908 (2.7244)	Prec@1 50.000 (49.405)	Prec@5 50.000 (49.405)	
Epoch: [0][30/54]	Time 4.077 (3.472)	Data 4.058 (3.408)	Loss 0.7247 (2.0776)	Prec@1 50.000 (50.000)	Prec@5 50.000 (50.000)	
Epoch: [0][40/54]	Time 4.544 (3.680)	Data 4.525 (3.626)	Loss 0.6711 (1.7253)	Prec@1 50.000 (53.659)	Prec@5 50.000 (53.659)	
Epoch: [0][50/54]	Time 5.082 (3.910)	Data 5.063 (3.863)	Loss 0.5659 (1.5134)	Prec@1 75.000 (55.147)	Prec@5 75.000 (55.147)	
Epoch: [1][0/54]	Time 1.603 (1.603)	Data 1.578 (1.578)	Loss 0.8277 (0.8277)	Prec@1 62.500 (62.500)	Prec@5 62.500 (62.500)	
Epoch: [1][0/54]	Time 1.603 (1.603)	Data 1.578 (1.578)	Loss 0.8277 (0.8277)	Prec@1 62.500 (62.500)	Prec@5 62.500 (62.500)	
Epoch: [1][10/54]	Time 1.996 (1.813)	Data 1.976 (1.785)	Loss 0.5646 (0.7367)	Prec@1 75.000 (59.091)	Prec@5 75.000 (59.091)	
Epoch: [1][10/54]	Time 1.996 (1.813)	Data 1.976 (1.785)	Loss 0.5646 (0.7367)	Prec@1 75.000 (59.091)	Prec@5 75.000 (59.091)	
Epoch: [1][20/54]	Time 2.460 (2.023)	Data 2.441 (1.999)	Loss 0.6058 (0.6989)	Prec@1 62.500 (61.905)	Prec@5 62.500 (61.905)	
Epoch: [1][20/54]	Time 2.460 (2.023)	Data 2.441 (1.999)	Loss 0.6058 (0.6989)	Prec@1 62.500 (61.905)	Prec@5 62.500 (61.905)	
Epoch: [1][30/54]	Time 2.842 (2.230)	Data 2.822 (2.207)	Loss 0.5163 (0.6697)	Prec@1 87.500 (63.710)	Prec@5 87.500 (63.710)	
Epoch: [1][30/54]	Time 2.842 (2.230)	Data 2.822 (2.207)	Loss 0.5163 (0.6697)	Prec@1 87.500 (63.710)	Prec@5 87.500 (63.710)	
Epoch: [1][40/54]	Time 3.415 (2.457)	Data 3.397 (2.436)	Loss 0.4694 (0.6592)	Prec@1 75.000 (65.244)	Prec@5 75.000 (65.244)	
Epoch: [1][40/54]	Time 3.415 (2.457)	Data 3.397 (2.436)	Loss 0.4694 (0.6592)	Prec@1 75.000 (65.244)	Prec@5 75.000 (65.244)	
Epoch: [1][50/54]	Time 3.923 (2.705)	Data 3.905 (2.684)	Loss 0.5828 (0.6474)	Prec@1 75.000 (65.196)	Prec@5 75.000 (65.196)	
Epoch: [1][50/54]	Time 3.923 (2.705)	Data 3.905 (2.684)	Loss 0.5828 (0.6474)	Prec@1 75.000 (65.196)	Prec@5 75.000 (65.196)	
Epoch: [2][0/54]	Time 1.589 (1.589)	Data 1.566 (1.566)	Loss 0.5381 (0.5381)	Prec@1 75.000 (75.000)	Prec@5 75.000 (75.000)	
Epoch: [2][0/54]	Time 1.589 (1.589)	Data 1.566 (1.566)	Loss 0.5381 (0.5381)	Prec@1 75.000 (75.000)	Prec@5 75.000 (75.000)	
Epoch: [2][0/54]	Time 1.589 (1.589)	Data 1.566 (1.566)	Loss 0.5381 (0.5381)	Prec@1 75.000 (75.000)	Prec@5 75.000 (75.000)	
Epoch: [2][10/54]	Time 1.996 (1.803)	Data 1.978 (1.770)	Loss 0.5924 (0.6254)	Prec@1 75.000 (65.909)	Prec@5 75.000 (65.909)	
Epoch: [2][10/54]	Time 1.996 (1.803)	Data 1.978 (1.770)	Loss 0.5924 (0.6254)	Prec@1 75.000 (65.909)	Prec@5 75.000 (65.909)	
Epoch: [2][10/54]	Time 1.996 (1.803)	Data 1.978 (1.770)	Loss 0.5924 (0.6254)	Prec@1 75.000 (65.909)	Prec@5 75.000 (65.909)	
Epoch: [2][20/54]	Time 2.474 (2.025)	Data 2.455 (1.999)	Loss 0.6763 (0.6236)	Prec@1 62.500 (66.071)	Prec@5 62.500 (66.071)	
Epoch: [2][20/54]	Time 2.474 (2.025)	Data 2.455 (1.999)	Loss 0.6763 (0.6236)	Prec@1 62.500 (66.071)	Prec@5 62.500 (66.071)	
Epoch: [2][20/54]	Time 2.474 (2.025)	Data 2.455 (1.999)	Loss 0.6763 (0.6236)	Prec@1 62.500 (66.071)	Prec@5 62.500 (66.071)	
Epoch: [2][30/54]	Time 2.955 (2.257)	Data 2.936 (2.234)	Loss 0.5883 (0.6054)	Prec@1 75.000 (67.339)	Prec@5 75.000 (67.339)	
Epoch: [2][30/54]	Time 2.955 (2.257)	Data 2.936 (2.234)	Loss 0.5883 (0.6054)	Prec@1 75.000 (67.339)	Prec@5 75.000 (67.339)	
Epoch: [2][30/54]	Time 2.955 (2.257)	Data 2.936 (2.234)	Loss 0.5883 (0.6054)	Prec@1 75.000 (67.339)	Prec@5 75.000 (67.339)	
Epoch: [2][40/54]	Time 3.516 (2.491)	Data 3.498 (2.468)	Loss 0.7125 (0.6219)	Prec@1 50.000 (66.159)	Prec@5 50.000 (66.159)	
Epoch: [2][40/54]	Time 3.516 (2.491)	Data 3.498 (2.468)	Loss 0.7125 (0.6219)	Prec@1 50.000 (66.159)	Prec@5 50.000 (66.159)	
Epoch: [2][40/54]	Time 3.516 (2.491)	Data 3.498 (2.468)	Loss 0.7125 (0.6219)	Prec@1 50.000 (66.159)	Prec@5 50.000 (66.159)	
Epoch: [2][50/54]	Time 3.924 (2.736)	Data 3.906 (2.715)	Loss 0.6420 (0.6127)	Prec@1 37.500 (66.667)	Prec@5 37.500 (66.667)	
Epoch: [2][50/54]	Time 3.924 (2.736)	Data 3.906 (2.715)	Loss 0.6420 (0.6127)	Prec@1 37.500 (66.667)	Prec@5 37.500 (66.667)	
Epoch: [2][50/54]	Time 3.924 (2.736)	Data 3.906 (2.715)	Loss 0.6420 (0.6127)	Prec@1 37.500 (66.667)	Prec@5 37.500 (66.667)	
Epoch: [3][0/54]	Time 1.600 (1.600)	Data 1.576 (1.576)	Loss 0.7295 (0.7295)	Prec@1 50.000 (50.000)	Prec@5 50.000 (50.000)	
Epoch: [3][0/54]	Time 1.600 (1.600)	Data 1.576 (1.576)	Loss 0.7295 (0.7295)	Prec@1 50.000 (50.000)	Prec@5 50.000 (50.000)	
Epoch: [3][0/54]	Time 1.600 (1.600)	Data 1.576 (1.576)	Loss 0.7295 (0.7295)	Prec@1 50.000 (50.000)	Prec@5 50.000 (50.000)	
Epoch: [3][0/54]	Time 1.600 (1.600)	Data 1.576 (1.576)	Loss 0.7295 (0.7295)	Prec@1 50.000 (50.000)	Prec@5 50.000 (50.000)	
Epoch: [3][10/54]	Time 2.097 (1.830)	Data 2.078 (1.807)	Loss 0.7240 (0.5969)	Prec@1 62.500 (73.864)	Prec@5 62.500 (73.864)	
Epoch: [3][10/54]	Time 2.097 (1.830)	Data 2.078 (1.807)	Loss 0.7240 (0.5969)	Prec@1 62.500 (73.864)	Prec@5 62.500 (73.864)	
Epoch: [3][10/54]	Time 2.097 (1.830)	Data 2.078 (1.807)	Loss 0.7240 (0.5969)	Prec@1 62.500 (73.864)	Prec@5 62.500 (73.864)	
Epoch: [3][10/54]	Time 2.097 (1.830)	Data 2.078 (1.807)	Loss 0.7240 (0.5969)	Prec@1 62.500 (73.864)	Prec@5 62.500 (73.864)	
Epoch: [3][20/54]	Time 2.553 (2.077)	Data 2.532 (2.056)	Loss 0.7862 (0.6450)	Prec@1 50.000 (65.476)	Prec@5 50.000 (65.476)	
Epoch: [3][20/54]	Time 2.553 (2.077)	Data 2.532 (2.056)	Loss 0.7862 (0.6450)	Prec@1 50.000 (65.476)	Prec@5 50.000 (65.476)	
Epoch: [3][20/54]	Time 2.553 (2.077)	Data 2.532 (2.056)	Loss 0.7862 (0.6450)	Prec@1 50.000 (65.476)	Prec@5 50.000 (65.476)	
Epoch: [3][20/54]	Time 2.553 (2.077)	Data 2.532 (2.056)	Loss 0.7862 (0.6450)	Prec@1 50.000 (65.476)	Prec@5 50.000 (65.476)	
Epoch: [3][30/54]	Time 3.013 (2.313)	Data 2.994 (2.292)	Loss 0.7442 (0.6214)	Prec@1 50.000 (67.339)	Prec@5 50.000 (67.339)	
Epoch: [3][30/54]	Time 3.013 (2.313)	Data 2.994 (2.292)	Loss 0.7442 (0.6214)	Prec@1 50.000 (67.339)	Prec@5 50.000 (67.339)	
Epoch: [3][30/54]	Time 3.013 (2.313)	Data 2.994 (2.292)	Loss 0.7442 (0.6214)	Prec@1 50.000 (67.339)	Prec@5 50.000 (67.339)	
Epoch: [3][30/54]	Time 3.013 (2.313)	Data 2.994 (2.292)	Loss 0.7442 (0.6214)	Prec@1 50.000 (67.339)	Prec@5 50.000 (67.339)	
Epoch: [3][40/54]	Time 3.536 (2.561)	Data 3.516 (2.539)	Loss 0.5261 (0.6202)	Prec@1 75.000 (67.378)	Prec@5 75.000 (67.378)	
Epoch: [3][40/54]	Time 3.536 (2.561)	Data 3.516 (2.539)	Loss 0.5261 (0.6202)	Prec@1 75.000 (67.378)	Prec@5 75.000 (67.378)	
Epoch: [3][40/54]	Time 3.536 (2.561)	Data 3.516 (2.539)	Loss 0.5261 (0.6202)	Prec@1 75.000 (67.378)	Prec@5 75.000 (67.378)	
Epoch: [3][40/54]	Time 3.536 (2.561)	Data 3.516 (2.539)	Loss 0.5261 (0.6202)	Prec@1 75.000 (67.378)	Prec@5 75.000 (67.378)	
Epoch: [3][50/54]	Time 4.092 (2.817)	Data 4.068 (2.796)	Loss 0.5363 (0.6172)	Prec@1 62.500 (67.157)	Prec@5 62.500 (67.157)	
Epoch: [3][50/54]	Time 4.092 (2.817)	Data 4.068 (2.796)	Loss 0.5363 (0.6172)	Prec@1 62.500 (67.157)	Prec@5 62.500 (67.157)	
Epoch: [3][50/54]	Time 4.092 (2.817)	Data 4.068 (2.796)	Loss 0.5363 (0.6172)	Prec@1 62.500 (67.157)	Prec@5 62.500 (67.157)	
Epoch: [3][50/54]	Time 4.092 (2.817)	Data 4.068 (2.796)	Loss 0.5363 (0.6172)	Prec@1 62.500 (67.157)	Prec@5 62.500 (67.157)	
Epoch: [4][0/54]	Time 1.765 (1.765)	Data 1.741 (1.741)	Loss 0.6684 (0.6684)	Prec@1 62.500 (62.500)	Prec@5 62.500 (62.500)	
Epoch: [4][0/54]	Time 1.765 (1.765)	Data 1.741 (1.741)	Loss 0.6684 (0.6684)	Prec@1 62.500 (62.500)	Prec@5 62.500 (62.500)	
Epoch: [4][0/54]	Time 1.765 (1.765)	Data 1.741 (1.741)	Loss 0.6684 (0.6684)	Prec@1 62.500 (62.500)	Prec@5 62.500 (62.500)	
Epoch: [4][0/54]	Time 1.765 (1.765)	Data 1.741 (1.741)	Loss 0.6684 (0.6684)	Prec@1 62.500 (62.500)	Prec@5 62.500 (62.500)	
Epoch: [4][0/54]	Time 1.765 (1.765)	Data 1.741 (1.741)	Loss 0.6684 (0.6684)	Prec@1 62.500 (62.500)	Prec@5 62.500 (62.500)	
Epoch: [4][10/54]	Time 2.168 (1.974)	Data 2.149 (1.948)	Loss 0.6754 (0.6485)	Prec@1 50.000 (61.364)	Prec@5 50.000 (61.364)	
Epoch: [4][10/54]	Time 2.168 (1.974)	Data 2.149 (1.948)	Loss 0.6754 (0.6485)	Prec@1 50.000 (61.364)	Prec@5 50.000 (61.364)	
Epoch: [4][10/54]	Time 2.168 (1.974)	Data 2.149 (1.948)	Loss 0.6754 (0.6485)	Prec@1 50.000 (61.364)	Prec@5 50.000 (61.364)	
Epoch: [4][10/54]	Time 2.168 (1.974)	Data 2.149 (1.948)	Loss 0.6754 (0.6485)	Prec@1 50.000 (61.364)	Prec@5 50.000 (61.364)	
Epoch: [4][10/54]	Time 2.168 (1.974)	Data 2.149 (1.948)	Loss 0.6754 (0.6485)	Prec@1 50.000 (61.364)	Prec@5 50.000 (61.364)	
Epoch: [4][20/54]	Time 2.681 (2.203)	Data 2.662 (2.180)	Loss 0.4526 (0.6359)	Prec@1 87.500 (62.500)	Prec@5 87.500 (62.500)	
Epoch: [4][20/54]	Time 2.681 (2.203)	Data 2.662 (2.180)	Loss 0.4526 (0.6359)	Prec@1 87.500 (62.500)	Prec@5 87.500 (62.500)	
Epoch: [4][20/54]	Time 2.681 (2.203)	Data 2.662 (2.180)	Loss 0.4526 (0.6359)	Prec@1 87.500 (62.500)	Prec@5 87.500 (62.500)	
Epoch: [4][20/54]	Time 2.681 (2.203)	Data 2.662 (2.180)	Loss 0.4526 (0.6359)	Prec@1 87.500 (62.500)	Prec@5 87.500 (62.500)	
Epoch: [4][20/54]	Time 2.681 (2.203)	Data 2.662 (2.180)	Loss 0.4526 (0.6359)	Prec@1 87.500 (62.500)	Prec@5 87.500 (62.500)	
Epoch: [4][30/54]	Time 3.167 (2.448)	Data 3.148 (2.426)	Loss 0.7269 (0.6391)	Prec@1 50.000 (61.290)	Prec@5 50.000 (61.290)	
Epoch: [4][30/54]	Time 3.167 (2.448)	Data 3.148 (2.426)	Loss 0.7269 (0.6391)	Prec@1 50.000 (61.290)	Prec@5 50.000 (61.290)	
Epoch: [4][30/54]	Time 3.167 (2.448)	Data 3.148 (2.426)	Loss 0.7269 (0.6391)	Prec@1 50.000 (61.290)	Prec@5 50.000 (61.290)	
Epoch: [4][30/54]	Time 3.167 (2.448)	Data 3.148 (2.426)	Loss 0.7269 (0.6391)	Prec@1 50.000 (61.290)	Prec@5 50.000 (61.290)	
Epoch: [4][30/54]	Time 3.167 (2.448)	Data 3.148 (2.426)	Loss 0.7269 (0.6391)	Prec@1 50.000 (61.290)	Prec@5 50.000 (61.290)	
Epoch: [4][40/54]	Time 3.694 (2.698)	Data 3.676 (2.677)	Loss 0.6253 (0.6388)	Prec@1 62.500 (62.195)	Prec@5 62.500 (62.195)	
Epoch: [4][40/54]	Time 3.694 (2.698)	Data 3.676 (2.677)	Loss 0.6253 (0.6388)	Prec@1 62.500 (62.195)	Prec@5 62.500 (62.195)	
Epoch: [4][40/54]	Time 3.694 (2.698)	Data 3.676 (2.677)	Loss 0.6253 (0.6388)	Prec@1 62.500 (62.195)	Prec@5 62.500 (62.195)	
Epoch: [4][40/54]	Time 3.694 (2.698)	Data 3.676 (2.677)	Loss 0.6253 (0.6388)	Prec@1 62.500 (62.195)	Prec@5 62.500 (62.195)	
Epoch: [4][40/54]	Time 3.694 (2.698)	Data 3.676 (2.677)	Loss 0.6253 (0.6388)	Prec@1 62.500 (62.195)	Prec@5 62.500 (62.195)	
Epoch: [4][50/54]	Time 4.117 (2.941)	Data 4.098 (2.920)	Loss 0.4484 (0.6289)	Prec@1 87.500 (63.725)	Prec@5 87.500 (63.725)	
Epoch: [4][50/54]	Time 4.117 (2.941)	Data 4.098 (2.920)	Loss 0.4484 (0.6289)	Prec@1 87.500 (63.725)	Prec@5 87.500 (63.725)	
Epoch: [4][50/54]	Time 4.117 (2.941)	Data 4.098 (2.920)	Loss 0.4484 (0.6289)	Prec@1 87.500 (63.725)	Prec@5 87.500 (63.725)	
Epoch: [4][50/54]	Time 4.117 (2.941)	Data 4.098 (2.920)	Loss 0.4484 (0.6289)	Prec@1 87.500 (63.725)	Prec@5 87.500 (63.725)	
Epoch: [4][50/54]	Time 4.117 (2.941)	Data 4.098 (2.920)	Loss 0.4484 (0.6289)	Prec@1 87.500 (63.725)	Prec@5 87.500 (63.725)	
Epoch: [5][0/54]	Time 1.606 (1.606)	Data 1.582 (1.582)	Loss 0.6560 (0.6560)	Prec@1 75.000 (75.000)	Prec@5 75.000 (75.000)	
Epoch: [5][0/54]	Time 1.606 (1.606)	Data 1.582 (1.582)	Loss 0.6560 (0.6560)	Prec@1 75.000 (75.000)	Prec@5 75.000 (75.000)	
Epoch: [5][0/54]	Time 1.606 (1.606)	Data 1.582 (1.582)	Loss 0.6560 (0.6560)	Prec@1 75.000 (75.000)	Prec@5 75.000 (75.000)	
Epoch: [5][0/54]	Time 1.606 (1.606)	Data 1.582 (1.582)	Loss 0.6560 (0.6560)	Prec@1 75.000 (75.000)	Prec@5 75.000 (75.000)	
Epoch: [5][0/54]	Time 1.606 (1.606)	Data 1.582 (1.582)	Loss 0.6560 (0.6560)	Prec@1 75.000 (75.000)	Prec@5 75.000 (75.000)	
Epoch: [5][0/54]	Time 1.606 (1.606)	Data 1.582 (1.582)	Loss 0.6560 (0.6560)	Prec@1 75.000 (75.000)	Prec@5 75.000 (75.000)	
Epoch: [5][10/54]	Time 2.018 (1.826)	Data 1.985 (1.790)	Loss 0.4660 (0.6364)	Prec@1 87.500 (64.773)	Prec@5 87.500 (64.773)	
Epoch: [5][10/54]	Time 2.018 (1.826)	Data 1.985 (1.790)	Loss 0.4660 (0.6364)	Prec@1 87.500 (64.773)	Prec@5 87.500 (64.773)	
Epoch: [5][10/54]	Time 2.018 (1.826)	Data 1.985 (1.790)	Loss 0.4660 (0.6364)	Prec@1 87.500 (64.773)	Prec@5 87.500 (64.773)	
Epoch: [5][10/54]	Time 2.018 (1.826)	Data 1.985 (1.790)	Loss 0.4660 (0.6364)	Prec@1 87.500 (64.773)	Prec@5 87.500 (64.773)	
Epoch: [5][10/54]	Time 2.018 (1.826)	Data 1.985 (1.790)	Loss 0.4660 (0.6364)	Prec@1 87.500 (64.773)	Prec@5 87.500 (64.773)	
Epoch: [5][10/54]	Time 2.018 (1.826)	Data 1.985 (1.790)	Loss 0.4660 (0.6364)	Prec@1 87.500 (64.773)	Prec@5 87.500 (64.773)	
Epoch: [5][20/54]	Time 2.497 (2.042)	Data 2.478 (2.014)	Loss 0.7489 (0.6333)	Prec@1 37.500 (64.286)	Prec@5 37.500 (64.286)	
Epoch: [5][20/54]	Time 2.497 (2.042)	Data 2.478 (2.014)	Loss 0.7489 (0.6333)	Prec@1 37.500 (64.286)	Prec@5 37.500 (64.286)	
Epoch: [5][20/54]	Time 2.497 (2.042)	Data 2.478 (2.014)	Loss 0.7489 (0.6333)	Prec@1 37.500 (64.286)	Prec@5 37.500 (64.286)	
Epoch: [5][20/54]	Time 2.497 (2.042)	Data 2.478 (2.014)	Loss 0.7489 (0.6333)	Prec@1 37.500 (64.286)	Prec@5 37.500 (64.286)	
Epoch: [5][20/54]	Time 2.497 (2.042)	Data 2.478 (2.014)	Loss 0.7489 (0.6333)	Prec@1 37.500 (64.286)	Prec@5 37.500 (64.286)	
Epoch: [5][20/54]	Time 2.497 (2.042)	Data 2.478 (2.014)	Loss 0.7489 (0.6333)	Prec@1 37.500 (64.286)	Prec@5 37.500 (64.286)	
Epoch: [5][30/54]	Time 3.048 (2.299)	Data 3.030 (2.274)	Loss 0.5171 (0.6268)	Prec@1 75.000 (64.516)	Prec@5 75.000 (64.516)	
Epoch: [5][30/54]	Time 3.048 (2.299)	Data 3.030 (2.274)	Loss 0.5171 (0.6268)	Prec@1 75.000 (64.516)	Prec@5 75.000 (64.516)	
Epoch: [5][30/54]	Time 3.048 (2.299)	Data 3.030 (2.274)	Loss 0.5171 (0.6268)	Prec@1 75.000 (64.516)	Prec@5 75.000 (64.516)	
Epoch: [5][30/54]	Time 3.048 (2.299)	Data 3.030 (2.274)	Loss 0.5171 (0.6268)	Prec@1 75.000 (64.516)	Prec@5 75.000 (64.516)	
Epoch: [5][30/54]	Time 3.048 (2.299)	Data 3.030 (2.274)	Loss 0.5171 (0.6268)	Prec@1 75.000 (64.516)	Prec@5 75.000 (64.516)	
Epoch: [5][30/54]	Time 3.048 (2.299)	Data 3.030 (2.274)	Loss 0.5171 (0.6268)	Prec@1 75.000 (64.516)	Prec@5 75.000 (64.516)	
Epoch: [5][40/54]	Time 3.556 (2.544)	Data 3.538 (2.520)	Loss 0.8343 (0.6303)	Prec@1 37.500 (64.939)	Prec@5 37.500 (64.939)	
Epoch: [5][40/54]	Time 3.556 (2.544)	Data 3.538 (2.520)	Loss 0.8343 (0.6303)	Prec@1 37.500 (64.939)	Prec@5 37.500 (64.939)	
Epoch: [5][40/54]	Time 3.556 (2.544)	Data 3.538 (2.520)	Loss 0.8343 (0.6303)	Prec@1 37.500 (64.939)	Prec@5 37.500 (64.939)	
Epoch: [5][40/54]	Time 3.556 (2.544)	Data 3.538 (2.520)	Loss 0.8343 (0.6303)	Prec@1 37.500 (64.939)	Prec@5 37.500 (64.939)	
Epoch: [5][40/54]	Time 3.556 (2.544)	Data 3.538 (2.520)	Loss 0.8343 (0.6303)	Prec@1 37.500 (64.939)	Prec@5 37.500 (64.939)	
Epoch: [5][40/54]	Time 3.556 (2.544)	Data 3.538 (2.520)	Loss 0.8343 (0.6303)	Prec@1 37.500 (64.939)	Prec@5 37.500 (64.939)	
Epoch: [5][50/54]	Time 4.013 (2.791)	Data 3.994 (2.768)	Loss 0.5562 (0.6287)	Prec@1 62.500 (64.461)	Prec@5 62.500 (64.461)	
Epoch: [5][50/54]	Time 4.013 (2.791)	Data 3.994 (2.768)	Loss 0.5562 (0.6287)	Prec@1 62.500 (64.461)	Prec@5 62.500 (64.461)	
Epoch: [5][50/54]	Time 4.013 (2.791)	Data 3.994 (2.768)	Loss 0.5562 (0.6287)	Prec@1 62.500 (64.461)	Prec@5 62.500 (64.461)	
Epoch: [5][50/54]	Time 4.013 (2.791)	Data 3.994 (2.768)	Loss 0.5562 (0.6287)	Prec@1 62.500 (64.461)	Prec@5 62.500 (64.461)	
Epoch: [5][50/54]	Time 4.013 (2.791)	Data 3.994 (2.768)	Loss 0.5562 (0.6287)	Prec@1 62.500 (64.461)	Prec@5 62.500 (64.461)	
Epoch: [5][50/54]	Time 4.013 (2.791)	Data 3.994 (2.768)	Loss 0.5562 (0.6287)	Prec@1 62.500 (64.461)	Prec@5 62.500 (64.461)	
Epoch: [6][0/54]	Time 1.659 (1.659)	Data 1.627 (1.627)	Loss 0.6415 (0.6415)	Prec@1 75.000 (75.000)	Prec@5 75.000 (75.000)	
Epoch: [6][0/54]	Time 1.659 (1.659)	Data 1.627 (1.627)	Loss 0.6415 (0.6415)	Prec@1 75.000 (75.000)	Prec@5 75.000 (75.000)	
Epoch: [6][0/54]	Time 1.659 (1.659)	Data 1.627 (1.627)	Loss 0.6415 (0.6415)	Prec@1 75.000 (75.000)	Prec@5 75.000 (75.000)	
Epoch: [6][0/54]	Time 1.659 (1.659)	Data 1.627 (1.627)	Loss 0.6415 (0.6415)	Prec@1 75.000 (75.000)	Prec@5 75.000 (75.000)	
Epoch: [6][0/54]	Time 1.659 (1.659)	Data 1.627 (1.627)	Loss 0.6415 (0.6415)	Prec@1 75.000 (75.000)	Prec@5 75.000 (75.000)	
Epoch: [6][0/54]	Time 1.659 (1.659)	Data 1.627 (1.627)	Loss 0.6415 (0.6415)	Prec@1 75.000 (75.000)	Prec@5 75.000 (75.000)	
Epoch: [6][0/54]	Time 1.659 (1.659)	Data 1.627 (1.627)	Loss 0.6415 (0.6415)	Prec@1 75.000 (75.000)	Prec@5 75.000 (75.000)	
Epoch: [6][10/54]	Time 2.101 (1.896)	Data 2.081 (1.866)	Loss 0.4497 (0.6386)	Prec@1 87.500 (62.500)	Prec@5 87.500 (62.500)	
Epoch: [6][10/54]	Time 2.101 (1.896)	Data 2.081 (1.866)	Loss 0.4497 (0.6386)	Prec@1 87.500 (62.500)	Prec@5 87.500 (62.500)	
Epoch: [6][10/54]	Time 2.101 (1.896)	Data 2.081 (1.866)	Loss 0.4497 (0.6386)	Prec@1 87.500 (62.500)	Prec@5 87.500 (62.500)	
Epoch: [6][10/54]	Time 2.101 (1.896)	Data 2.081 (1.866)	Loss 0.4497 (0.6386)	Prec@1 87.500 (62.500)	Prec@5 87.500 (62.500)	
Epoch: [6][10/54]	Time 2.101 (1.896)	Data 2.081 (1.866)	Loss 0.4497 (0.6386)	Prec@1 87.500 (62.500)	Prec@5 87.500 (62.500)	
Epoch: [6][10/54]	Time 2.101 (1.896)	Data 2.081 (1.866)	Loss 0.4497 (0.6386)	Prec@1 87.500 (62.500)	Prec@5 87.500 (62.500)	
Epoch: [6][10/54]	Time 2.101 (1.896)	Data 2.081 (1.866)	Loss 0.4497 (0.6386)	Prec@1 87.500 (62.500)	Prec@5 87.500 (62.500)	
Epoch: [6][20/54]	Time 2.558 (2.119)	Data 2.539 (2.094)	Loss 0.5344 (0.6142)	Prec@1 87.500 (67.262)	Prec@5 87.500 (67.262)	
Epoch: [6][20/54]	Time 2.558 (2.119)	Data 2.539 (2.094)	Loss 0.5344 (0.6142)	Prec@1 87.500 (67.262)	Prec@5 87.500 (67.262)	
Epoch: [6][20/54]	Time 2.558 (2.119)	Data 2.539 (2.094)	Loss 0.5344 (0.6142)	Prec@1 87.500 (67.262)	Prec@5 87.500 (67.262)	
Epoch: [6][20/54]	Time 2.558 (2.119)	Data 2.539 (2.094)	Loss 0.5344 (0.6142)	Prec@1 87.500 (67.262)	Prec@5 87.500 (67.262)	
Epoch: [6][20/54]	Time 2.558 (2.119)	Data 2.539 (2.094)	Loss 0.5344 (0.6142)	Prec@1 87.500 (67.262)	Prec@5 87.500 (67.262)	
Epoch: [6][20/54]	Time 2.558 (2.119)	Data 2.539 (2.094)	Loss 0.5344 (0.6142)	Prec@1 87.500 (67.262)	Prec@5 87.500 (67.262)	
Epoch: [6][20/54]	Time 2.558 (2.119)	Data 2.539 (2.094)	Loss 0.5344 (0.6142)	Prec@1 87.500 (67.262)	Prec@5 87.500 (67.262)	
Epoch: [6][30/54]	Time 3.117 (2.366)	Data 3.098 (2.342)	Loss 0.7742 (0.6319)	Prec@1 50.000 (65.323)	Prec@5 50.000 (65.323)	
Epoch: [6][30/54]	Time 3.117 (2.366)	Data 3.098 (2.342)	Loss 0.7742 (0.6319)	Prec@1 50.000 (65.323)	Prec@5 50.000 (65.323)	
Epoch: [6][30/54]	Time 3.117 (2.366)	Data 3.098 (2.342)	Loss 0.7742 (0.6319)	Prec@1 50.000 (65.323)	Prec@5 50.000 (65.323)	
Epoch: [6][30/54]	Time 3.117 (2.366)	Data 3.098 (2.342)	Loss 0.7742 (0.6319)	Prec@1 50.000 (65.323)	Prec@5 50.000 (65.323)	
Epoch: [6][30/54]	Time 3.117 (2.366)	Data 3.098 (2.342)	Loss 0.7742 (0.6319)	Prec@1 50.000 (65.323)	Prec@5 50.000 (65.323)	
Epoch: [6][30/54]	Time 3.117 (2.366)	Data 3.098 (2.342)	Loss 0.7742 (0.6319)	Prec@1 50.000 (65.323)	Prec@5 50.000 (65.323)	
Epoch: [6][30/54]	Time 3.117 (2.366)	Data 3.098 (2.342)	Loss 0.7742 (0.6319)	Prec@1 50.000 (65.323)	Prec@5 50.000 (65.323)	
Epoch: [6][40/54]	Time 3.568 (2.611)	Data 3.549 (2.588)	Loss 0.4625 (0.6154)	Prec@1 87.500 (66.768)	Prec@5 87.500 (66.768)	
Epoch: [6][40/54]	Time 3.568 (2.611)	Data 3.549 (2.588)	Loss 0.4625 (0.6154)	Prec@1 87.500 (66.768)	Prec@5 87.500 (66.768)	
Epoch: [6][40/54]	Time 3.568 (2.611)	Data 3.549 (2.588)	Loss 0.4625 (0.6154)	Prec@1 87.500 (66.768)	Prec@5 87.500 (66.768)	
Epoch: [6][40/54]	Time 3.568 (2.611)	Data 3.549 (2.588)	Loss 0.4625 (0.6154)	Prec@1 87.500 (66.768)	Prec@5 87.500 (66.768)	
Epoch: [6][40/54]	Time 3.568 (2.611)	Data 3.549 (2.588)	Loss 0.4625 (0.6154)	Prec@1 87.500 (66.768)	Prec@5 87.500 (66.768)	
Epoch: [6][40/54]	Time 3.568 (2.611)	Data 3.549 (2.588)	Loss 0.4625 (0.6154)	Prec@1 87.500 (66.768)	Prec@5 87.500 (66.768)	
Epoch: [6][40/54]	Time 3.568 (2.611)	Data 3.549 (2.588)	Loss 0.4625 (0.6154)	Prec@1 87.500 (66.768)	Prec@5 87.500 (66.768)	
Epoch: [6][50/54]	Time 4.001 (2.844)	Data 3.982 (2.823)	Loss 0.5988 (0.6145)	Prec@1 87.500 (67.402)	Prec@5 87.500 (67.402)	
Epoch: [6][50/54]	Time 4.001 (2.844)	Data 3.982 (2.823)	Loss 0.5988 (0.6145)	Prec@1 87.500 (67.402)	Prec@5 87.500 (67.402)	
Epoch: [6][50/54]	Time 4.001 (2.844)	Data 3.982 (2.823)	Loss 0.5988 (0.6145)	Prec@1 87.500 (67.402)	Prec@5 87.500 (67.402)	
Epoch: [6][50/54]	Time 4.001 (2.844)	Data 3.982 (2.823)	Loss 0.5988 (0.6145)	Prec@1 87.500 (67.402)	Prec@5 87.500 (67.402)	
Epoch: [6][50/54]	Time 4.001 (2.844)	Data 3.982 (2.823)	Loss 0.5988 (0.6145)	Prec@1 87.500 (67.402)	Prec@5 87.500 (67.402)	
Epoch: [6][50/54]	Time 4.001 (2.844)	Data 3.982 (2.823)	Loss 0.5988 (0.6145)	Prec@1 87.500 (67.402)	Prec@5 87.500 (67.402)	
Epoch: [6][50/54]	Time 4.001 (2.844)	Data 3.982 (2.823)	Loss 0.5988 (0.6145)	Prec@1 87.500 (67.402)	Prec@5 87.500 (67.402)	
Epoch: [7][0/54]	Time 1.608 (1.608)	Data 1.582 (1.582)	Loss 0.5555 (0.5555)	Prec@1 75.000 (75.000)	Prec@5 75.000 (75.000)	
Epoch: [7][0/54]	Time 1.608 (1.608)	Data 1.582 (1.582)	Loss 0.5555 (0.5555)	Prec@1 75.000 (75.000)	Prec@5 75.000 (75.000)	
Epoch: [7][0/54]	Time 1.608 (1.608)	Data 1.582 (1.582)	Loss 0.5555 (0.5555)	Prec@1 75.000 (75.000)	Prec@5 75.000 (75.000)	
Epoch: [7][0/54]	Time 1.608 (1.608)	Data 1.582 (1.582)	Loss 0.5555 (0.5555)	Prec@1 75.000 (75.000)	Prec@5 75.000 (75.000)	
Epoch: [7][0/54]	Time 1.608 (1.608)	Data 1.582 (1.582)	Loss 0.5555 (0.5555)	Prec@1 75.000 (75.000)	Prec@5 75.000 (75.000)	
Epoch: [7][0/54]	Time 1.608 (1.608)	Data 1.582 (1.582)	Loss 0.5555 (0.5555)	Prec@1 75.000 (75.000)	Prec@5 75.000 (75.000)	
Epoch: [7][0/54]	Time 1.608 (1.608)	Data 1.582 (1.582)	Loss 0.5555 (0.5555)	Prec@1 75.000 (75.000)	Prec@5 75.000 (75.000)	
Epoch: [7][0/54]	Time 1.608 (1.608)	Data 1.582 (1.582)	Loss 0.5555 (0.5555)	Prec@1 75.000 (75.000)	Prec@5 75.000 (75.000)	
Epoch: [7][10/54]	Time 2.066 (1.840)	Data 2.047 (1.816)	Loss 0.8964 (0.6666)	Prec@1 37.500 (60.227)	Prec@5 37.500 (60.227)	
Epoch: [7][10/54]	Time 2.066 (1.840)	Data 2.047 (1.816)	Loss 0.8964 (0.6666)	Prec@1 37.500 (60.227)	Prec@5 37.500 (60.227)	
Epoch: [7][10/54]	Time 2.066 (1.840)	Data 2.047 (1.816)	Loss 0.8964 (0.6666)	Prec@1 37.500 (60.227)	Prec@5 37.500 (60.227)	
Epoch: [7][10/54]	Time 2.066 (1.840)	Data 2.047 (1.816)	Loss 0.8964 (0.6666)	Prec@1 37.500 (60.227)	Prec@5 37.500 (60.227)	
Epoch: [7][10/54]	Time 2.066 (1.840)	Data 2.047 (1.816)	Loss 0.8964 (0.6666)	Prec@1 37.500 (60.227)	Prec@5 37.500 (60.227)	
Epoch: [7][10/54]	Time 2.066 (1.840)	Data 2.047 (1.816)	Loss 0.8964 (0.6666)	Prec@1 37.500 (60.227)	Prec@5 37.500 (60.227)	
Epoch: [7][10/54]	Time 2.066 (1.840)	Data 2.047 (1.816)	Loss 0.8964 (0.6666)	Prec@1 37.500 (60.227)	Prec@5 37.500 (60.227)	
Epoch: [7][10/54]	Time 2.066 (1.840)	Data 2.047 (1.816)	Loss 0.8964 (0.6666)	Prec@1 37.500 (60.227)	Prec@5 37.500 (60.227)	
Epoch: [7][20/54]	Time 2.527 (2.065)	Data 2.508 (2.044)	Loss 0.5168 (0.6298)	Prec@1 62.500 (63.690)	Prec@5 62.500 (63.690)	
Epoch: [7][20/54]	Time 2.527 (2.065)	Data 2.508 (2.044)	Loss 0.5168 (0.6298)	Prec@1 62.500 (63.690)	Prec@5 62.500 (63.690)	
Epoch: [7][20/54]	Time 2.527 (2.065)	Data 2.508 (2.044)	Loss 0.5168 (0.6298)	Prec@1 62.500 (63.690)	Prec@5 62.500 (63.690)	
Epoch: [7][20/54]	Time 2.527 (2.065)	Data 2.508 (2.044)	Loss 0.5168 (0.6298)	Prec@1 62.500 (63.690)	Prec@5 62.500 (63.690)	
Epoch: [7][20/54]	Time 2.527 (2.065)	Data 2.508 (2.044)	Loss 0.5168 (0.6298)	Prec@1 62.500 (63.690)	Prec@5 62.500 (63.690)	
Epoch: [7][20/54]	Time 2.527 (2.065)	Data 2.508 (2.044)	Loss 0.5168 (0.6298)	Prec@1 62.500 (63.690)	Prec@5 62.500 (63.690)	
Epoch: [7][20/54]	Time 2.527 (2.065)	Data 2.508 (2.044)	Loss 0.5168 (0.6298)	Prec@1 62.500 (63.690)	Prec@5 62.500 (63.690)	
Epoch: [7][20/54]	Time 2.527 (2.065)	Data 2.508 (2.044)	Loss 0.5168 (0.6298)	Prec@1 62.500 (63.690)	Prec@5 62.500 (63.690)	
Epoch: [7][30/54]	Time 3.012 (2.302)	Data 2.994 (2.281)	Loss 0.6759 (0.6345)	Prec@1 62.500 (63.710)	Prec@5 62.500 (63.710)	
Epoch: [7][30/54]	Time 3.012 (2.302)	Data 2.994 (2.281)	Loss 0.6759 (0.6345)	Prec@1 62.500 (63.710)	Prec@5 62.500 (63.710)	
Epoch: [7][30/54]	Time 3.012 (2.302)	Data 2.994 (2.281)	Loss 0.6759 (0.6345)	Prec@1 62.500 (63.710)	Prec@5 62.500 (63.710)	
Epoch: [7][30/54]	Time 3.012 (2.302)	Data 2.994 (2.281)	Loss 0.6759 (0.6345)	Prec@1 62.500 (63.710)	Prec@5 62.500 (63.710)	
Epoch: [7][30/54]	Time 3.012 (2.302)	Data 2.994 (2.281)	Loss 0.6759 (0.6345)	Prec@1 62.500 (63.710)	Prec@5 62.500 (63.710)	
Epoch: [7][30/54]	Time 3.012 (2.302)	Data 2.994 (2.281)	Loss 0.6759 (0.6345)	Prec@1 62.500 (63.710)	Prec@5 62.500 (63.710)	
Epoch: [7][30/54]	Time 3.012 (2.302)	Data 2.994 (2.281)	Loss 0.6759 (0.6345)	Prec@1 62.500 (63.710)	Prec@5 62.500 (63.710)	
Epoch: [7][30/54]	Time 3.012 (2.302)	Data 2.994 (2.281)	Loss 0.6759 (0.6345)	Prec@1 62.500 (63.710)	Prec@5 62.500 (63.710)	
Epoch: [7][40/54]	Time 3.422 (2.531)	Data 3.403 (2.510)	Loss 0.6366 (0.6107)	Prec@1 75.000 (67.073)	Prec@5 75.000 (67.073)	
Epoch: [7][40/54]	Time 3.422 (2.531)	Data 3.403 (2.510)	Loss 0.6366 (0.6107)	Prec@1 75.000 (67.073)	Prec@5 75.000 (67.073)	
Epoch: [7][40/54]	Time 3.422 (2.531)	Data 3.403 (2.510)	Loss 0.6366 (0.6107)	Prec@1 75.000 (67.073)	Prec@5 75.000 (67.073)	
Epoch: [7][40/54]	Time 3.422 (2.531)	Data 3.403 (2.510)	Loss 0.6366 (0.6107)	Prec@1 75.000 (67.073)	Prec@5 75.000 (67.073)	
Epoch: [7][40/54]	Time 3.422 (2.531)	Data 3.403 (2.510)	Loss 0.6366 (0.6107)	Prec@1 75.000 (67.073)	Prec@5 75.000 (67.073)	
Epoch: [7][40/54]	Time 3.422 (2.531)	Data 3.403 (2.510)	Loss 0.6366 (0.6107)	Prec@1 75.000 (67.073)	Prec@5 75.000 (67.073)	
Epoch: [7][40/54]	Time 3.422 (2.531)	Data 3.403 (2.510)	Loss 0.6366 (0.6107)	Prec@1 75.000 (67.073)	Prec@5 75.000 (67.073)	
Epoch: [7][40/54]	Time 3.422 (2.531)	Data 3.403 (2.510)	Loss 0.6366 (0.6107)	Prec@1 75.000 (67.073)	Prec@5 75.000 (67.073)	
Epoch: [7][50/54]	Time 3.871 (2.754)	Data 3.852 (2.734)	Loss 0.4809 (0.6147)	Prec@1 87.500 (67.157)	Prec@5 87.500 (67.157)	
Epoch: [7][50/54]	Time 3.871 (2.754)	Data 3.852 (2.734)	Loss 0.4809 (0.6147)	Prec@1 87.500 (67.157)	Prec@5 87.500 (67.157)	
Epoch: [7][50/54]	Time 3.871 (2.754)	Data 3.852 (2.734)	Loss 0.4809 (0.6147)	Prec@1 87.500 (67.157)	Prec@5 87.500 (67.157)	
Epoch: [7][50/54]	Time 3.871 (2.754)	Data 3.852 (2.734)	Loss 0.4809 (0.6147)	Prec@1 87.500 (67.157)	Prec@5 87.500 (67.157)	
Epoch: [7][50/54]	Time 3.871 (2.754)	Data 3.852 (2.734)	Loss 0.4809 (0.6147)	Prec@1 87.500 (67.157)	Prec@5 87.500 (67.157)	
Epoch: [7][50/54]	Time 3.871 (2.754)	Data 3.852 (2.734)	Loss 0.4809 (0.6147)	Prec@1 87.500 (67.157)	Prec@5 87.500 (67.157)	
Epoch: [7][50/54]	Time 3.871 (2.754)	Data 3.852 (2.734)	Loss 0.4809 (0.6147)	Prec@1 87.500 (67.157)	Prec@5 87.500 (67.157)	
Epoch: [7][50/54]	Time 3.871 (2.754)	Data 3.852 (2.734)	Loss 0.4809 (0.6147)	Prec@1 87.500 (67.157)	Prec@5 87.500 (67.157)	
Epoch: [8][0/54]	Time 1.611 (1.611)	Data 1.588 (1.588)	Loss 0.7217 (0.7217)	Prec@1 50.000 (50.000)	Prec@5 50.000 (50.000)	
Epoch: [8][0/54]	Time 1.611 (1.611)	Data 1.588 (1.588)	Loss 0.7217 (0.7217)	Prec@1 50.000 (50.000)	Prec@5 50.000 (50.000)	
Epoch: [8][0/54]	Time 1.611 (1.611)	Data 1.588 (1.588)	Loss 0.7217 (0.7217)	Prec@1 50.000 (50.000)	Prec@5 50.000 (50.000)	
Epoch: [8][0/54]	Time 1.611 (1.611)	Data 1.588 (1.588)	Loss 0.7217 (0.7217)	Prec@1 50.000 (50.000)	Prec@5 50.000 (50.000)	
Epoch: [8][0/54]	Time 1.611 (1.611)	Data 1.588 (1.588)	Loss 0.7217 (0.7217)	Prec@1 50.000 (50.000)	Prec@5 50.000 (50.000)	
Epoch: [8][0/54]	Time 1.611 (1.611)	Data 1.588 (1.588)	Loss 0.7217 (0.7217)	Prec@1 50.000 (50.000)	Prec@5 50.000 (50.000)	
Epoch: [8][0/54]	Time 1.611 (1.611)	Data 1.588 (1.588)	Loss 0.7217 (0.7217)	Prec@1 50.000 (50.000)	Prec@5 50.000 (50.000)	
Epoch: [8][0/54]	Time 1.611 (1.611)	Data 1.588 (1.588)	Loss 0.7217 (0.7217)	Prec@1 50.000 (50.000)	Prec@5 50.000 (50.000)	
Epoch: [8][0/54]	Time 1.611 (1.611)	Data 1.588 (1.588)	Loss 0.7217 (0.7217)	Prec@1 50.000 (50.000)	Prec@5 50.000 (50.000)	
Epoch: [8][10/54]	Time 2.085 (1.857)	Data 2.065 (1.835)	Loss 0.7968 (0.6680)	Prec@1 50.000 (60.227)	Prec@5 50.000 (60.227)	
Epoch: [8][10/54]	Time 2.085 (1.857)	Data 2.065 (1.835)	Loss 0.7968 (0.6680)	Prec@1 50.000 (60.227)	Prec@5 50.000 (60.227)	
Epoch: [8][10/54]	Time 2.085 (1.857)	Data 2.065 (1.835)	Loss 0.7968 (0.6680)	Prec@1 50.000 (60.227)	Prec@5 50.000 (60.227)	
Epoch: [8][10/54]	Time 2.085 (1.857)	Data 2.065 (1.835)	Loss 0.7968 (0.6680)	Prec@1 50.000 (60.227)	Prec@5 50.000 (60.227)	
Epoch: [8][10/54]	Time 2.085 (1.857)	Data 2.065 (1.835)	Loss 0.7968 (0.6680)	Prec@1 50.000 (60.227)	Prec@5 50.000 (60.227)	
Epoch: [8][10/54]	Time 2.085 (1.857)	Data 2.065 (1.835)	Loss 0.7968 (0.6680)	Prec@1 50.000 (60.227)	Prec@5 50.000 (60.227)	
Epoch: [8][10/54]	Time 2.085 (1.857)	Data 2.065 (1.835)	Loss 0.7968 (0.6680)	Prec@1 50.000 (60.227)	Prec@5 50.000 (60.227)	
Epoch: [8][10/54]	Time 2.085 (1.857)	Data 2.065 (1.835)	Loss 0.7968 (0.6680)	Prec@1 50.000 (60.227)	Prec@5 50.000 (60.227)	
Epoch: [8][10/54]	Time 2.085 (1.857)	Data 2.065 (1.835)	Loss 0.7968 (0.6680)	Prec@1 50.000 (60.227)	Prec@5 50.000 (60.227)	
Epoch: [8][20/54]	Time 2.644 (2.128)	Data 2.625 (2.108)	Loss 0.5777 (0.6425)	Prec@1 50.000 (63.095)	Prec@5 50.000 (63.095)	
Epoch: [8][20/54]	Time 2.644 (2.128)	Data 2.625 (2.108)	Loss 0.5777 (0.6425)	Prec@1 50.000 (63.095)	Prec@5 50.000 (63.095)	
Epoch: [8][20/54]	Time 2.644 (2.128)	Data 2.625 (2.108)	Loss 0.5777 (0.6425)	Prec@1 50.000 (63.095)	Prec@5 50.000 (63.095)	
Epoch: [8][20/54]	Time 2.644 (2.128)	Data 2.625 (2.108)	Loss 0.5777 (0.6425)	Prec@1 50.000 (63.095)	Prec@5 50.000 (63.095)	
Epoch: [8][20/54]	Time 2.644 (2.128)	Data 2.625 (2.108)	Loss 0.5777 (0.6425)	Prec@1 50.000 (63.095)	Prec@5 50.000 (63.095)	
Epoch: [8][20/54]	Time 2.644 (2.128)	Data 2.625 (2.108)	Loss 0.5777 (0.6425)	Prec@1 50.000 (63.095)	Prec@5 50.000 (63.095)	
Epoch: [8][20/54]	Time 2.644 (2.128)	Data 2.625 (2.108)	Loss 0.5777 (0.6425)	Prec@1 50.000 (63.095)	Prec@5 50.000 (63.095)	
Epoch: [8][20/54]	Time 2.644 (2.128)	Data 2.625 (2.108)	Loss 0.5777 (0.6425)	Prec@1 50.000 (63.095)	Prec@5 50.000 (63.095)	
Epoch: [8][20/54]	Time 2.644 (2.128)	Data 2.625 (2.108)	Loss 0.5777 (0.6425)	Prec@1 50.000 (63.095)	Prec@5 50.000 (63.095)	
Epoch: [8][30/54]	Time 3.131 (2.381)	Data 3.106 (2.361)	Loss 0.4136 (0.6253)	Prec@1 87.500 (64.516)	Prec@5 87.500 (64.516)	
Epoch: [8][30/54]	Time 3.131 (2.381)	Data 3.106 (2.361)	Loss 0.4136 (0.6253)	Prec@1 87.500 (64.516)	Prec@5 87.500 (64.516)	
Epoch: [8][30/54]	Time 3.131 (2.381)	Data 3.106 (2.361)	Loss 0.4136 (0.6253)	Prec@1 87.500 (64.516)	Prec@5 87.500 (64.516)	
Epoch: [8][30/54]	Time 3.131 (2.381)	Data 3.106 (2.361)	Loss 0.4136 (0.6253)	Prec@1 87.500 (64.516)	Prec@5 87.500 (64.516)	
Epoch: [8][30/54]	Time 3.131 (2.381)	Data 3.106 (2.361)	Loss 0.4136 (0.6253)	Prec@1 87.500 (64.516)	Prec@5 87.500 (64.516)	
Epoch: [8][30/54]	Time 3.131 (2.381)	Data 3.106 (2.361)	Loss 0.4136 (0.6253)	Prec@1 87.500 (64.516)	Prec@5 87.500 (64.516)	
Epoch: [8][30/54]	Time 3.131 (2.381)	Data 3.106 (2.361)	Loss 0.4136 (0.6253)	Prec@1 87.500 (64.516)	Prec@5 87.500 (64.516)	
Epoch: [8][30/54]	Time 3.131 (2.381)	Data 3.106 (2.361)	Loss 0.4136 (0.6253)	Prec@1 87.500 (64.516)	Prec@5 87.500 (64.516)	
Epoch: [8][30/54]	Time 3.131 (2.381)	Data 3.106 (2.361)	Loss 0.4136 (0.6253)	Prec@1 87.500 (64.516)	Prec@5 87.500 (64.516)	
Epoch: [8][40/54]	Time 3.621 (2.633)	Data 3.602 (2.612)	Loss 0.7523 (0.6216)	Prec@1 50.000 (65.549)	Prec@5 50.000 (65.549)	
Epoch: [8][40/54]	Time 3.621 (2.633)	Data 3.602 (2.612)	Loss 0.7523 (0.6216)	Prec@1 50.000 (65.549)	Prec@5 50.000 (65.549)	
Epoch: [8][40/54]	Time 3.621 (2.633)	Data 3.602 (2.612)	Loss 0.7523 (0.6216)	Prec@1 50.000 (65.549)	Prec@5 50.000 (65.549)	
Epoch: [8][40/54]	Time 3.621 (2.633)	Data 3.602 (2.612)	Loss 0.7523 (0.6216)	Prec@1 50.000 (65.549)	Prec@5 50.000 (65.549)	
Epoch: [8][40/54]	Time 3.621 (2.633)	Data 3.602 (2.612)	Loss 0.7523 (0.6216)	Prec@1 50.000 (65.549)	Prec@5 50.000 (65.549)	
Epoch: [8][40/54]	Time 3.621 (2.633)	Data 3.602 (2.612)	Loss 0.7523 (0.6216)	Prec@1 50.000 (65.549)	Prec@5 50.000 (65.549)	
Epoch: [8][40/54]	Time 3.621 (2.633)	Data 3.602 (2.612)	Loss 0.7523 (0.6216)	Prec@1 50.000 (65.549)	Prec@5 50.000 (65.549)	
Epoch: [8][40/54]	Time 3.621 (2.633)	Data 3.602 (2.612)	Loss 0.7523 (0.6216)	Prec@1 50.000 (65.549)	Prec@5 50.000 (65.549)	
Epoch: [8][40/54]	Time 3.621 (2.633)	Data 3.602 (2.612)	Loss 0.7523 (0.6216)	Prec@1 50.000 (65.549)	Prec@5 50.000 (65.549)	
Epoch: [8][50/54]	Time 4.142 (2.881)	Data 4.122 (2.860)	Loss 0.6130 (0.6182)	Prec@1 75.000 (66.176)	Prec@5 75.000 (66.176)	
Epoch: [8][50/54]	Time 4.142 (2.881)	Data 4.122 (2.860)	Loss 0.6130 (0.6182)	Prec@1 75.000 (66.176)	Prec@5 75.000 (66.176)	
Epoch: [8][50/54]	Time 4.142 (2.881)	Data 4.122 (2.860)	Loss 0.6130 (0.6182)	Prec@1 75.000 (66.176)	Prec@5 75.000 (66.176)	
Epoch: [8][50/54]	Time 4.142 (2.881)	Data 4.122 (2.860)	Loss 0.6130 (0.6182)	Prec@1 75.000 (66.176)	Prec@5 75.000 (66.176)	
Epoch: [8][50/54]	Time 4.142 (2.881)	Data 4.122 (2.860)	Loss 0.6130 (0.6182)	Prec@1 75.000 (66.176)	Prec@5 75.000 (66.176)	
Epoch: [8][50/54]	Time 4.142 (2.881)	Data 4.122 (2.860)	Loss 0.6130 (0.6182)	Prec@1 75.000 (66.176)	Prec@5 75.000 (66.176)	
Epoch: [8][50/54]	Time 4.142 (2.881)	Data 4.122 (2.860)	Loss 0.6130 (0.6182)	Prec@1 75.000 (66.176)	Prec@5 75.000 (66.176)	
Epoch: [8][50/54]	Time 4.142 (2.881)	Data 4.122 (2.860)	Loss 0.6130 (0.6182)	Prec@1 75.000 (66.176)	Prec@5 75.000 (66.176)	
Epoch: [8][50/54]	Time 4.142 (2.881)	Data 4.122 (2.860)	Loss 0.6130 (0.6182)	Prec@1 75.000 (66.176)	Prec@5 75.000 (66.176)	
Epoch: [9][0/54]	Time 1.626 (1.626)	Data 1.601 (1.601)	Loss 0.5377 (0.5377)	Prec@1 87.500 (87.500)	Prec@5 87.500 (87.500)	
Epoch: [9][0/54]	Time 1.626 (1.626)	Data 1.601 (1.601)	Loss 0.5377 (0.5377)	Prec@1 87.500 (87.500)	Prec@5 87.500 (87.500)	
Epoch: [9][0/54]	Time 1.626 (1.626)	Data 1.601 (1.601)	Loss 0.5377 (0.5377)	Prec@1 87.500 (87.500)	Prec@5 87.500 (87.500)	
Epoch: [9][0/54]	Time 1.626 (1.626)	Data 1.601 (1.601)	Loss 0.5377 (0.5377)	Prec@1 87.500 (87.500)	Prec@5 87.500 (87.500)	
Epoch: [9][0/54]	Time 1.626 (1.626)	Data 1.601 (1.601)	Loss 0.5377 (0.5377)	Prec@1 87.500 (87.500)	Prec@5 87.500 (87.500)	
Epoch: [9][0/54]	Time 1.626 (1.626)	Data 1.601 (1.601)	Loss 0.5377 (0.5377)	Prec@1 87.500 (87.500)	Prec@5 87.500 (87.500)	
Epoch: [9][0/54]	Time 1.626 (1.626)	Data 1.601 (1.601)	Loss 0.5377 (0.5377)	Prec@1 87.500 (87.500)	Prec@5 87.500 (87.500)	
Epoch: [9][0/54]	Time 1.626 (1.626)	Data 1.601 (1.601)	Loss 0.5377 (0.5377)	Prec@1 87.500 (87.500)	Prec@5 87.500 (87.500)	
Epoch: [9][0/54]	Time 1.626 (1.626)	Data 1.601 (1.601)	Loss 0.5377 (0.5377)	Prec@1 87.500 (87.500)	Prec@5 87.500 (87.500)	
Epoch: [9][0/54]	Time 1.626 (1.626)	Data 1.601 (1.601)	Loss 0.5377 (0.5377)	Prec@1 87.500 (87.500)	Prec@5 87.500 (87.500)	
Epoch: [9][10/54]	Time 2.157 (1.878)	Data 2.140 (1.854)	Loss 0.6614 (0.5876)	Prec@1 62.500 (73.864)	Prec@5 62.500 (73.864)	
Epoch: [9][10/54]	Time 2.157 (1.878)	Data 2.140 (1.854)	Loss 0.6614 (0.5876)	Prec@1 62.500 (73.864)	Prec@5 62.500 (73.864)	
Epoch: [9][10/54]	Time 2.157 (1.878)	Data 2.140 (1.854)	Loss 0.6614 (0.5876)	Prec@1 62.500 (73.864)	Prec@5 62.500 (73.864)	
Epoch: [9][10/54]	Time 2.157 (1.878)	Data 2.140 (1.854)	Loss 0.6614 (0.5876)	Prec@1 62.500 (73.864)	Prec@5 62.500 (73.864)	
Epoch: [9][10/54]	Time 2.157 (1.878)	Data 2.140 (1.854)	Loss 0.6614 (0.5876)	Prec@1 62.500 (73.864)	Prec@5 62.500 (73.864)	
Epoch: [9][10/54]	Time 2.157 (1.878)	Data 2.140 (1.854)	Loss 0.6614 (0.5876)	Prec@1 62.500 (73.864)	Prec@5 62.500 (73.864)	
Epoch: [9][10/54]	Time 2.157 (1.878)	Data 2.140 (1.854)	Loss 0.6614 (0.5876)	Prec@1 62.500 (73.864)	Prec@5 62.500 (73.864)	
Epoch: [9][10/54]	Time 2.157 (1.878)	Data 2.140 (1.854)	Loss 0.6614 (0.5876)	Prec@1 62.500 (73.864)	Prec@5 62.500 (73.864)	
Epoch: [9][10/54]	Time 2.157 (1.878)	Data 2.140 (1.854)	Loss 0.6614 (0.5876)	Prec@1 62.500 (73.864)	Prec@5 62.500 (73.864)	
Epoch: [9][10/54]	Time 2.157 (1.878)	Data 2.140 (1.854)	Loss 0.6614 (0.5876)	Prec@1 62.500 (73.864)	Prec@5 62.500 (73.864)	
Epoch: [9][20/54]	Time 2.587 (2.121)	Data 2.569 (2.098)	Loss 0.9348 (0.6346)	Prec@1 37.500 (64.881)	Prec@5 37.500 (64.881)	
Epoch: [9][20/54]	Time 2.587 (2.121)	Data 2.569 (2.098)	Loss 0.9348 (0.6346)	Prec@1 37.500 (64.881)	Prec@5 37.500 (64.881)	
Epoch: [9][20/54]	Time 2.587 (2.121)	Data 2.569 (2.098)	Loss 0.9348 (0.6346)	Prec@1 37.500 (64.881)	Prec@5 37.500 (64.881)	
Epoch: [9][20/54]	Time 2.587 (2.121)	Data 2.569 (2.098)	Loss 0.9348 (0.6346)	Prec@1 37.500 (64.881)	Prec@5 37.500 (64.881)	
Epoch: [9][20/54]	Time 2.587 (2.121)	Data 2.569 (2.098)	Loss 0.9348 (0.6346)	Prec@1 37.500 (64.881)	Prec@5 37.500 (64.881)	
Epoch: [9][20/54]	Time 2.587 (2.121)	Data 2.569 (2.098)	Loss 0.9348 (0.6346)	Prec@1 37.500 (64.881)	Prec@5 37.500 (64.881)	
Epoch: [9][20/54]	Time 2.587 (2.121)	Data 2.569 (2.098)	Loss 0.9348 (0.6346)	Prec@1 37.500 (64.881)	Prec@5 37.500 (64.881)	
Epoch: [9][20/54]	Time 2.587 (2.121)	Data 2.569 (2.098)	Loss 0.9348 (0.6346)	Prec@1 37.500 (64.881)	Prec@5 37.500 (64.881)	
Epoch: [9][20/54]	Time 2.587 (2.121)	Data 2.569 (2.098)	Loss 0.9348 (0.6346)	Prec@1 37.500 (64.881)	Prec@5 37.500 (64.881)	
Epoch: [9][20/54]	Time 2.587 (2.121)	Data 2.569 (2.098)	Loss 0.9348 (0.6346)	Prec@1 37.500 (64.881)	Prec@5 37.500 (64.881)	
Epoch: [9][30/54]	Time 3.105 (2.352)	Data 3.086 (2.331)	Loss 0.4174 (0.6296)	Prec@1 100.000 (65.323)	Prec@5 100.000 (65.323)	
Epoch: [9][30/54]	Time 3.105 (2.352)	Data 3.086 (2.331)	Loss 0.4174 (0.6296)	Prec@1 100.000 (65.323)	Prec@5 100.000 (65.323)	
Epoch: [9][30/54]	Time 3.105 (2.352)	Data 3.086 (2.331)	Loss 0.4174 (0.6296)	Prec@1 100.000 (65.323)	Prec@5 100.000 (65.323)	
Epoch: [9][30/54]	Time 3.105 (2.352)	Data 3.086 (2.331)	Loss 0.4174 (0.6296)	Prec@1 100.000 (65.323)	Prec@5 100.000 (65.323)	
Epoch: [9][30/54]	Time 3.105 (2.352)	Data 3.086 (2.331)	Loss 0.4174 (0.6296)	Prec@1 100.000 (65.323)	Prec@5 100.000 (65.323)	
Epoch: [9][30/54]	Time 3.105 (2.352)	Data 3.086 (2.331)	Loss 0.4174 (0.6296)	Prec@1 100.000 (65.323)	Prec@5 100.000 (65.323)	
Epoch: [9][30/54]	Time 3.105 (2.352)	Data 3.086 (2.331)	Loss 0.4174 (0.6296)	Prec@1 100.000 (65.323)	Prec@5 100.000 (65.323)	
Epoch: [9][30/54]	Time 3.105 (2.352)	Data 3.086 (2.331)	Loss 0.4174 (0.6296)	Prec@1 100.000 (65.323)	Prec@5 100.000 (65.323)	
Epoch: [9][30/54]	Time 3.105 (2.352)	Data 3.086 (2.331)	Loss 0.4174 (0.6296)	Prec@1 100.000 (65.323)	Prec@5 100.000 (65.323)	
Epoch: [9][30/54]	Time 3.105 (2.352)	Data 3.086 (2.331)	Loss 0.4174 (0.6296)	Prec@1 100.000 (65.323)	Prec@5 100.000 (65.323)	
Epoch: [9][40/54]	Time 3.520 (2.591)	Data 3.501 (2.571)	Loss 0.6496 (0.6349)	Prec@1 62.500 (63.720)	Prec@5 62.500 (63.720)	
Epoch: [9][40/54]	Time 3.520 (2.591)	Data 3.501 (2.571)	Loss 0.6496 (0.6349)	Prec@1 62.500 (63.720)	Prec@5 62.500 (63.720)	
Epoch: [9][40/54]	Time 3.520 (2.591)	Data 3.501 (2.571)	Loss 0.6496 (0.6349)	Prec@1 62.500 (63.720)	Prec@5 62.500 (63.720)	
Epoch: [9][40/54]	Time 3.520 (2.591)	Data 3.501 (2.571)	Loss 0.6496 (0.6349)	Prec@1 62.500 (63.720)	Prec@5 62.500 (63.720)	
Epoch: [9][40/54]	Time 3.520 (2.591)	Data 3.501 (2.571)	Loss 0.6496 (0.6349)	Prec@1 62.500 (63.720)	Prec@5 62.500 (63.720)	
Epoch: [9][40/54]	Time 3.520 (2.591)	Data 3.501 (2.571)	Loss 0.6496 (0.6349)	Prec@1 62.500 (63.720)	Prec@5 62.500 (63.720)	
Epoch: [9][40/54]	Time 3.520 (2.591)	Data 3.501 (2.571)	Loss 0.6496 (0.6349)	Prec@1 62.500 (63.720)	Prec@5 62.500 (63.720)	
Epoch: [9][40/54]	Time 3.520 (2.591)	Data 3.501 (2.571)	Loss 0.6496 (0.6349)	Prec@1 62.500 (63.720)	Prec@5 62.500 (63.720)	
Epoch: [9][40/54]	Time 3.520 (2.591)	Data 3.501 (2.571)	Loss 0.6496 (0.6349)	Prec@1 62.500 (63.720)	Prec@5 62.500 (63.720)	
Epoch: [9][40/54]	Time 3.520 (2.591)	Data 3.501 (2.571)	Loss 0.6496 (0.6349)	Prec@1 62.500 (63.720)	Prec@5 62.500 (63.720)	
Epoch: [9][50/54]	Time 3.973 (2.824)	Data 3.954 (2.804)	Loss 0.6308 (0.6259)	Prec@1 62.500 (65.441)	Prec@5 62.500 (65.441)	
Epoch: [9][50/54]	Time 3.973 (2.824)	Data 3.954 (2.804)	Loss 0.6308 (0.6259)	Prec@1 62.500 (65.441)	Prec@5 62.500 (65.441)	
Epoch: [9][50/54]	Time 3.973 (2.824)	Data 3.954 (2.804)	Loss 0.6308 (0.6259)	Prec@1 62.500 (65.441)	Prec@5 62.500 (65.441)	
Epoch: [9][50/54]	Time 3.973 (2.824)	Data 3.954 (2.804)	Loss 0.6308 (0.6259)	Prec@1 62.500 (65.441)	Prec@5 62.500 (65.441)	
Epoch: [9][50/54]	Time 3.973 (2.824)	Data 3.954 (2.804)	Loss 0.6308 (0.6259)	Prec@1 62.500 (65.441)	Prec@5 62.500 (65.441)	
Epoch: [9][50/54]	Time 3.973 (2.824)	Data 3.954 (2.804)	Loss 0.6308 (0.6259)	Prec@1 62.500 (65.441)	Prec@5 62.500 (65.441)	
Epoch: [9][50/54]	Time 3.973 (2.824)	Data 3.954 (2.804)	Loss 0.6308 (0.6259)	Prec@1 62.500 (65.441)	Prec@5 62.500 (65.441)	
Epoch: [9][50/54]	Time 3.973 (2.824)	Data 3.954 (2.804)	Loss 0.6308 (0.6259)	Prec@1 62.500 (65.441)	Prec@5 62.500 (65.441)	
Epoch: [9][50/54]	Time 3.973 (2.824)	Data 3.954 (2.804)	Loss 0.6308 (0.6259)	Prec@1 62.500 (65.441)	Prec@5 62.500 (65.441)	
Epoch: [9][50/54]	Time 3.973 (2.824)	Data 3.954 (2.804)	Loss 0.6308 (0.6259)	Prec@1 62.500 (65.441)	Prec@5 62.500 (65.441)	
